<?xml version="1.0" encoding="UTF-8"?>
<!-- Generated by org.testng.reporters.JUnitXMLReporter -->
<testsuite ignored="55" hostname="MACPK-WKS-0132" failures="2" tests="2" name="Default test(failed)" time="68.997" errors="0" timestamp="02 Jul 2018 08:17:56 GMT">
  <testcase classname="Master.CRMExecution" name="CompanyTaskDisplayingInAppointmentinAllViews" time="30.722">
    <failure type="org.openqa.selenium.NoSuchElementException" message="no such element: Unable to locate element: {&amp;quot;method&amp;quot;:&amp;quot;xpath&amp;quot;,&amp;quot;selector&amp;quot;:&amp;quot;//span[contains(text(), &amp;apos;Appointments&amp;apos;)]&amp;quot;}
  (Session info: chrome=67.0.3396.99)
  (Driver info: chromedriver=2.36.540470 (e522d04694c7ebea4ba8821272dbef4f9b818c91),platform=Windows NT 10.0.17134 x86_64) (WARNING: The server did not provide any stacktrace information)
Command duration or timeout: 30.04 seconds
For documentation on this error, please visit: http://seleniumhq.org/exceptions/no_such_element.html
Build info: version: &amp;apos;unknown&amp;apos;, revision: &amp;apos;1969d75&amp;apos;, time: &amp;apos;2016-10-18 09:43:45 -0700&amp;apos;
System info: host: &amp;apos;MACPK-WKS-0132&amp;apos;, ip: &amp;apos;172.25.174.209&amp;apos;, os.name: &amp;apos;Windows 10&amp;apos;, os.arch: &amp;apos;amd64&amp;apos;, os.version: &amp;apos;10.0&amp;apos;, java.version: &amp;apos;10.0.1&amp;apos;
Driver info: org.openqa.selenium.chrome.ChromeDriver
Capabilities [{applicationCacheEnabled=false, rotatable=false, mobileEmulationEnabled=false, networkConnectionEnabled=false, chrome={chromedriverVersion=2.36.540470 (e522d04694c7ebea4ba8821272dbef4f9b818c91), userDataDir=C:\Users\MUHAMM~1.IFT\AppData\Local\Temp\scoped_dir4852_7083}, takesHeapSnapshot=true, pageLoadStrategy=normal, databaseEnabled=false, handlesAlerts=true, hasTouchScreen=false, version=67.0.3396.99, platform=XP, browserConnectionEnabled=false, nativeEvents=true, acceptSslCerts=false, acceptInsecureCerts=false, locationContextEnabled=true, webStorageEnabled=true, browserName=chrome, takesScreenshot=true, javascriptEnabled=true, cssSelectorsEnabled=true, setWindowRect=true, unexpectedAlertBehaviour=}]
Session ID: d1e95736a0eed578fbbd671ccd211c8e
*** Element info: {Using=xpath, value=//span[contains(text(), &amp;apos;Appointments&amp;apos;)]}">
      <![CDATA[org.openqa.selenium.NoSuchElementException: no such element: Unable to locate element: {"method":"xpath","selector":"//span[contains(text(), 'Appointments')]"}
  (Session info: chrome=67.0.3396.99)
  (Driver info: chromedriver=2.36.540470 (e522d04694c7ebea4ba8821272dbef4f9b818c91),platform=Windows NT 10.0.17134 x86_64) (WARNING: The server did not provide any stacktrace information)
Command duration or timeout: 30.04 seconds
For documentation on this error, please visit: http://seleniumhq.org/exceptions/no_such_element.html
Build info: version: 'unknown', revision: '1969d75', time: '2016-10-18 09:43:45 -0700'
System info: host: 'MACPK-WKS-0132', ip: '172.25.174.209', os.name: 'Windows 10', os.arch: 'amd64', os.version: '10.0', java.version: '10.0.1'
Driver info: org.openqa.selenium.chrome.ChromeDriver
Capabilities [{applicationCacheEnabled=false, rotatable=false, mobileEmulationEnabled=false, networkConnectionEnabled=false, chrome={chromedriverVersion=2.36.540470 (e522d04694c7ebea4ba8821272dbef4f9b818c91), userDataDir=C:\Users\MUHAMM~1.IFT\AppData\Local\Temp\scoped_dir4852_7083}, takesHeapSnapshot=true, pageLoadStrategy=normal, databaseEnabled=false, handlesAlerts=true, hasTouchScreen=false, version=67.0.3396.99, platform=XP, browserConnectionEnabled=false, nativeEvents=true, acceptSslCerts=false, acceptInsecureCerts=false, locationContextEnabled=true, webStorageEnabled=true, browserName=chrome, takesScreenshot=true, javascriptEnabled=true, cssSelectorsEnabled=true, setWindowRect=true, unexpectedAlertBehaviour=}]
Session ID: d1e95736a0eed578fbbd671ccd211c8e
*** Element info: {Using=xpath, value=//span[contains(text(), 'Appointments')]}
at org.openqa.selenium.remote.ErrorHandler.createThrowable(ErrorHandler.java:216)
at org.openqa.selenium.remote.ErrorHandler.throwIfResponseFailed(ErrorHandler.java:168)
at org.openqa.selenium.remote.RemoteWebDriver.execute(RemoteWebDriver.java:635)
at org.openqa.selenium.remote.RemoteWebDriver.findElement(RemoteWebDriver.java:368)
at org.openqa.selenium.remote.RemoteWebDriver.findElementByXPath(RemoteWebDriver.java:473)
at org.openqa.selenium.By$ByXPath.findElement(By.java:361)
at org.openqa.selenium.remote.RemoteWebDriver.findElement(RemoteWebDriver.java:360)
at org.openqa.selenium.support.pagefactory.DefaultElementLocator.findElement(DefaultElementLocator.java:69)
at org.openqa.selenium.support.pagefactory.internal.LocatingElementHandler.invoke(LocatingElementHandler.java:38)
at com.sun.proxy.$Proxy12.getWrappedElement(Unknown Source)
at org.openqa.selenium.remote.internal.WebElementToJsonConverter.apply(WebElementToJsonConverter.java:50)
at com.google.common.collect.Iterators$8.transform(Iterators.java:817)
at com.google.common.collect.TransformedIterator.next(TransformedIterator.java:48)
at com.google.common.collect.Iterators.addAll(Iterators.java:365)
at com.google.common.collect.Lists.newArrayList(Lists.java:162)
at com.google.common.collect.Lists.newArrayList(Lists.java:146)
at org.openqa.selenium.remote.RemoteWebDriver.executeScript(RemoteWebDriver.java:535)
at PageFactoryandTestdata.HelpingFunction.Click(HelpingFunction.java:47)
at CrmTestCases.Tasks.VerifyTaskInAppointment(Tasks.java:55)
at Master.CRMExecution.CompanyTaskDisplayingInAppointmentinAllViews(CRMExecution.java:137)
... Removed 29 stack frames]]>
    </failure>
  </testcase> <!-- CompanyTaskDisplayingInAppointmentinAllViews -->
  <testcase classname="Master.CRMExecution" name="ContactTaskDisplayingInAppointmentinAllViews" time="30.01">
    <failure type="org.openqa.selenium.NoSuchElementException" message="no such element: Unable to locate element: {&amp;quot;method&amp;quot;:&amp;quot;xpath&amp;quot;,&amp;quot;selector&amp;quot;:&amp;quot;//span[contains(text(), &amp;apos;Appointments&amp;apos;)]&amp;quot;}
  (Session info: chrome=67.0.3396.99)
  (Driver info: chromedriver=2.36.540470 (e522d04694c7ebea4ba8821272dbef4f9b818c91),platform=Windows NT 10.0.17134 x86_64) (WARNING: The server did not provide any stacktrace information)
Command duration or timeout: 30.01 seconds
For documentation on this error, please visit: http://seleniumhq.org/exceptions/no_such_element.html
Build info: version: &amp;apos;unknown&amp;apos;, revision: &amp;apos;1969d75&amp;apos;, time: &amp;apos;2016-10-18 09:43:45 -0700&amp;apos;
System info: host: &amp;apos;MACPK-WKS-0132&amp;apos;, ip: &amp;apos;172.25.174.209&amp;apos;, os.name: &amp;apos;Windows 10&amp;apos;, os.arch: &amp;apos;amd64&amp;apos;, os.version: &amp;apos;10.0&amp;apos;, java.version: &amp;apos;10.0.1&amp;apos;
Driver info: org.openqa.selenium.chrome.ChromeDriver
Capabilities [{applicationCacheEnabled=false, rotatable=false, mobileEmulationEnabled=false, networkConnectionEnabled=false, chrome={chromedriverVersion=2.36.540470 (e522d04694c7ebea4ba8821272dbef4f9b818c91), userDataDir=C:\Users\MUHAMM~1.IFT\AppData\Local\Temp\scoped_dir4852_7083}, takesHeapSnapshot=true, pageLoadStrategy=normal, databaseEnabled=false, handlesAlerts=true, hasTouchScreen=false, version=67.0.3396.99, platform=XP, browserConnectionEnabled=false, nativeEvents=true, acceptSslCerts=false, acceptInsecureCerts=false, locationContextEnabled=true, webStorageEnabled=true, browserName=chrome, takesScreenshot=true, javascriptEnabled=true, cssSelectorsEnabled=true, setWindowRect=true, unexpectedAlertBehaviour=}]
Session ID: d1e95736a0eed578fbbd671ccd211c8e
*** Element info: {Using=xpath, value=//span[contains(text(), &amp;apos;Appointments&amp;apos;)]}">
      <![CDATA[org.openqa.selenium.NoSuchElementException: no such element: Unable to locate element: {"method":"xpath","selector":"//span[contains(text(), 'Appointments')]"}
  (Session info: chrome=67.0.3396.99)
  (Driver info: chromedriver=2.36.540470 (e522d04694c7ebea4ba8821272dbef4f9b818c91),platform=Windows NT 10.0.17134 x86_64) (WARNING: The server did not provide any stacktrace information)
Command duration or timeout: 30.01 seconds
For documentation on this error, please visit: http://seleniumhq.org/exceptions/no_such_element.html
Build info: version: 'unknown', revision: '1969d75', time: '2016-10-18 09:43:45 -0700'
System info: host: 'MACPK-WKS-0132', ip: '172.25.174.209', os.name: 'Windows 10', os.arch: 'amd64', os.version: '10.0', java.version: '10.0.1'
Driver info: org.openqa.selenium.chrome.ChromeDriver
Capabilities [{applicationCacheEnabled=false, rotatable=false, mobileEmulationEnabled=false, networkConnectionEnabled=false, chrome={chromedriverVersion=2.36.540470 (e522d04694c7ebea4ba8821272dbef4f9b818c91), userDataDir=C:\Users\MUHAMM~1.IFT\AppData\Local\Temp\scoped_dir4852_7083}, takesHeapSnapshot=true, pageLoadStrategy=normal, databaseEnabled=false, handlesAlerts=true, hasTouchScreen=false, version=67.0.3396.99, platform=XP, browserConnectionEnabled=false, nativeEvents=true, acceptSslCerts=false, acceptInsecureCerts=false, locationContextEnabled=true, webStorageEnabled=true, browserName=chrome, takesScreenshot=true, javascriptEnabled=true, cssSelectorsEnabled=true, setWindowRect=true, unexpectedAlertBehaviour=}]
Session ID: d1e95736a0eed578fbbd671ccd211c8e
*** Element info: {Using=xpath, value=//span[contains(text(), 'Appointments')]}
at org.openqa.selenium.remote.ErrorHandler.createThrowable(ErrorHandler.java:216)
at org.openqa.selenium.remote.ErrorHandler.throwIfResponseFailed(ErrorHandler.java:168)
at org.openqa.selenium.remote.RemoteWebDriver.execute(RemoteWebDriver.java:635)
at org.openqa.selenium.remote.RemoteWebDriver.findElement(RemoteWebDriver.java:368)
at org.openqa.selenium.remote.RemoteWebDriver.findElementByXPath(RemoteWebDriver.java:473)
at org.openqa.selenium.By$ByXPath.findElement(By.java:361)
at org.openqa.selenium.remote.RemoteWebDriver.findElement(RemoteWebDriver.java:360)
at org.openqa.selenium.support.pagefactory.DefaultElementLocator.findElement(DefaultElementLocator.java:69)
at org.openqa.selenium.support.pagefactory.internal.LocatingElementHandler.invoke(LocatingElementHandler.java:38)
at com.sun.proxy.$Proxy12.getWrappedElement(Unknown Source)
at org.openqa.selenium.remote.internal.WebElementToJsonConverter.apply(WebElementToJsonConverter.java:50)
at com.google.common.collect.Iterators$8.transform(Iterators.java:817)
at com.google.common.collect.TransformedIterator.next(TransformedIterator.java:48)
at com.google.common.collect.Iterators.addAll(Iterators.java:365)
at com.google.common.collect.Lists.newArrayList(Lists.java:162)
at com.google.common.collect.Lists.newArrayList(Lists.java:146)
at org.openqa.selenium.remote.RemoteWebDriver.executeScript(RemoteWebDriver.java:535)
at PageFactoryandTestdata.HelpingFunction.Click(HelpingFunction.java:47)
at CrmTestCases.Tasks.VerifyTaskInAppointment(Tasks.java:55)
at Master.CRMExecution.ContactTaskDisplayingInAppointmentinAllViews(CRMExecution.java:222)
... Removed 29 stack frames]]>
    </failure>
  </testcase> <!-- ContactTaskDisplayingInAppointmentinAllViews -->
  <testcase classname="Master.CRMExecution" name="AddCompAddress" time="0.0">
    <ignored/>
  </testcase> <!-- AddCompAddress -->
  <testcase classname="Master.CRMExecution" name="VerifyCompanyDetails" time="0.0">
    <ignored/>
  </testcase> <!-- VerifyCompanyDetails -->
  <testcase classname="Master.CRMExecution" name="DeleteTaskUnderComp" time="0.0">
    <ignored/>
  </testcase> <!-- DeleteTaskUnderComp -->
  <testcase classname="Master.CRMExecution" name="CompleteTaskUnderComp" time="0.0">
    <ignored/>
  </testcase> <!-- CompleteTaskUnderComp -->
  <testcase classname="Master.CRMExecution" name="CreateComp" time="0.0">
    <ignored/>
  </testcase> <!-- CreateComp -->
  <testcase classname="Master.CRMExecution" name="AddContactNotes" time="0.0">
    <ignored/>
  </testcase> <!-- AddContactNotes -->
  <testcase classname="Master.CRMExecution" name="AddContactUnderComp" time="0.0">
    <ignored/>
  </testcase> <!-- AddContactUnderComp -->
  <testcase classname="Master.CRMExecution" name="VerifyContactFilter" time="0.0">
    <ignored/>
  </testcase> <!-- VerifyContactFilter -->
  <testcase classname="Master.CRMExecution" name="InactiveCompanyFromDashBoard" time="0.0">
    <ignored/>
  </testcase> <!-- InactiveCompanyFromDashBoard -->
  <testcase classname="Master.CRMExecution" name="CreateContactFromMain" time="0.0">
    <ignored/>
  </testcase> <!-- CreateContactFromMain -->
  <testcase classname="Master.CRMExecution" name="SearchCreatedCompany" time="0.0">
    <ignored/>
  </testcase> <!-- SearchCreatedCompany -->
  <testcase classname="Master.CRMExecution" name="EditTaskUnderCont" time="0.0">
    <ignored/>
  </testcase> <!-- EditTaskUnderCont -->
  <testcase classname="Master.CRMExecution" name="AddAddressUnderSettings" time="0.0">
    <ignored/>
  </testcase> <!-- AddAddressUnderSettings -->
  <testcase classname="Master.CRMExecution" name="ExportCompanyCSV" time="0.0">
    <ignored/>
  </testcase> <!-- ExportCompanyCSV -->
  <testcase classname="Master.CRMExecution" name="InactiveContAndVerifyNotShowingIn_ActiveFilter" time="0.0">
    <ignored/>
  </testcase> <!-- InactiveContAndVerifyNotShowingIn_ActiveFilter -->
  <testcase classname="Master.CRMExecution" name="ChangeCompaniesVisibilityFromDashBoard" time="0.0">
    <ignored/>
  </testcase> <!-- ChangeCompaniesVisibilityFromDashBoard -->
  <testcase classname="Master.CRMExecution" name="CreateNoteFromMain" time="0.0">
    <ignored/>
  </testcase> <!-- CreateNoteFromMain -->
  <testcase classname="Master.CRMExecution" name="DeleteTeam" time="0.0">
    <ignored/>
  </testcase> <!-- DeleteTeam -->
  <testcase classname="Master.CRMExecution" name="CreateOrder" time="0.0">
    <ignored/>
  </testcase> <!-- CreateOrder -->
  <testcase classname="Master.CRMExecution" name="CreateTeam" time="0.0">
    <ignored/>
  </testcase> <!-- CreateTeam -->
  <testcase classname="Master.CRMExecution" name="LoginIdaho" time="0.0">
    <ignored/>
  </testcase> <!-- LoginIdaho -->
  <testcase classname="Master.CRMExecution" name="InactiveCompAndVerifyNotShowingIn_ActiveFilter" time="0.0">
    <ignored/>
  </testcase> <!-- InactiveCompAndVerifyNotShowingIn_ActiveFilter -->
  <testcase classname="Master.CRMExecution" name="CreateTaskFromMain" time="0.0">
    <ignored/>
  </testcase> <!-- CreateTaskFromMain -->
  <testcase classname="Master.CRMExecution" name="EditCompNote" time="0.0">
    <ignored/>
  </testcase> <!-- EditCompNote -->
  <testcase classname="Master.CRMExecution" name="AddContactInCompany" time="0.0">
    <ignored/>
  </testcase> <!-- AddContactInCompany -->
  <testcase classname="Master.CRMExecution" name="DelCompNote" time="0.0">
    <ignored/>
  </testcase> <!-- DelCompNote -->
  <testcase classname="Master.CRMExecution" name="DeleteRelationship" time="0.0">
    <ignored/>
  </testcase> <!-- DeleteRelationship -->
  <testcase classname="Master.CRMExecution" name="ExportCompanyQB" time="0.0">
    <ignored/>
  </testcase> <!-- ExportCompanyQB -->
  <testcase classname="Master.CRMExecution" name="CreateRelationship" time="0.0">
    <ignored/>
  </testcase> <!-- CreateRelationship -->
  <testcase classname="Master.CRMExecution" name="DeleteCompanywithOrder" time="0.0">
    <ignored/>
  </testcase> <!-- DeleteCompanywithOrder -->
  <testcase classname="Master.CRMExecution" name="DeleteInactiveCompany" time="0.0">
    <ignored/>
  </testcase> <!-- DeleteInactiveCompany -->
  <testcase classname="Master.CRMExecution" name="CompUpdatedVisibility" time="0.0">
    <ignored/>
  </testcase> <!-- CompUpdatedVisibility -->
  <testcase classname="Master.CRMExecution" name="ExportoVcard" time="0.0">
    <ignored/>
  </testcase> <!-- ExportoVcard -->
  <testcase classname="Master.CRMExecution" name="RecordOwn" time="0.0">
    <ignored/>
  </testcase> <!-- RecordOwn -->
  <testcase classname="Master.CRMExecution" name="CreateAndDeleteComp" time="0.0">
    <ignored/>
  </testcase> <!-- CreateAndDeleteComp -->
  <testcase classname="Master.CRMExecution" name="VerifyCompanyFilter" time="0.0">
    <ignored/>
  </testcase> <!-- VerifyCompanyFilter -->
  <testcase classname="Master.CRMExecution" name="CompDefaultVisibility" time="0.0">
    <ignored/>
  </testcase> <!-- CompDefaultVisibility -->
  <testcase classname="Master.CRMExecution" name="SearchCreatedContact" time="0.0">
    <ignored/>
  </testcase> <!-- SearchCreatedContact -->
  <testcase classname="Master.CRMExecution" name="ConDefaultVisibility" time="0.0">
    <ignored/>
  </testcase> <!-- ConDefaultVisibility -->
  <testcase classname="Master.CRMExecution" name="EditNoteContent" time="0.0">
    <ignored/>
  </testcase> <!-- EditNoteContent -->
  <testcase classname="Master.CRMExecution" name="AddTaskUnderComp" time="0.0">
    <ignored/>
  </testcase> <!-- AddTaskUnderComp -->
  <testcase classname="Master.CRMExecution" name="AddTaskUnderContact" time="0.0">
    <ignored/>
  </testcase> <!-- AddTaskUnderContact -->
  <testcase classname="Master.CRMExecution" name="AddCompNote" time="0.0">
    <ignored/>
  </testcase> <!-- AddCompNote -->
  <testcase classname="Master.CRMExecution" name="ChangeCompaniesRecordOwnerFromDashBoard" time="0.0">
    <ignored/>
  </testcase> <!-- ChangeCompaniesRecordOwnerFromDashBoard -->
  <testcase classname="Master.CRMExecution" name="DeleteTaskUnderCont" time="0.0">
    <ignored/>
  </testcase> <!-- DeleteTaskUnderCont -->
  <testcase classname="Master.CRMExecution" name="DelContNote" time="0.0">
    <ignored/>
  </testcase> <!-- DelContNote -->
  <testcase classname="Master.CRMExecution" name="CompanyContactRShipVerificaton" time="0.0">
    <ignored/>
  </testcase> <!-- CompanyContactRShipVerificaton -->
  <testcase classname="Master.CRMExecution" name="ExportContactCSV" time="0.0">
    <ignored/>
  </testcase> <!-- ExportContactCSV -->
  <testcase classname="Master.CRMExecution" name="ConUpdatedVisibility" time="0.0">
    <ignored/>
  </testcase> <!-- ConUpdatedVisibility -->
  <testcase classname="Master.CRMExecution" name="EditTaskUnderComp" time="0.0">
    <ignored/>
  </testcase> <!-- EditTaskUnderComp -->
  <testcase classname="Master.CRMExecution" name="ConRecordOwn" time="0.0">
    <ignored/>
  </testcase> <!-- ConRecordOwn -->
  <testcase classname="Master.CRMExecution" name="ExemptTaxFromCompany" time="0.0">
    <ignored/>
  </testcase> <!-- ExemptTaxFromCompany -->
  <testcase classname="Master.CRMExecution" name="AddContactAddress" time="0.0">
    <ignored/>
  </testcase> <!-- AddContactAddress -->
  <testcase classname="Master.CRMExecution" name="AddTaskatAppointmentPage" time="0.0">
    <ignored/>
  </testcase> <!-- AddTaskatAppointmentPage -->
  <testcase classname="Master.CRMExecution" name="CompleteTaskUnderCont" time="0.0">
    <ignored/>
  </testcase> <!-- CompleteTaskUnderCont -->
</testsuite> <!-- Default test(failed) -->
