<?xml version="1.0" encoding="UTF-8"?>
<!-- Generated by org.testng.reporters.JUnitReportReporter -->
<testsuite skipped="28" hostname="MACPK-WKS-0132" name="OrdersTestcases.OrderDeletion" tests="29" failures="0" timestamp="02 Jan 2019 11:05:15 GMT" time="5.129" errors="1">
  <testcase name="LoginApp" time="0.000" classname="OrdersTestcases.OrderDeletion">
    <skipped/>
  </testcase> <!-- LoginApp -->
  <testcase name="Startup" time="5.129" classname="OrdersTestcases.OrderDeletion">
    <error type="org.openqa.selenium.WebDriverException" message="unknown error: cannot determine loading status
from unknown error: cannot determine loading status
from disconnected: unable to send message to renderer
  (Session info: chrome=71.0.3578.98)
  (Driver info: chromedriver=2.40.565498 (ea082db3280dd6843ebfb08a625e3eb905c4f5ab),platform=Windows NT 10.0.17763 x86_64) (WARNING: The server did not provide any stacktrace information)
Command duration or timeout: 0 milliseconds
Build info: version: &#039;3.14.0&#039;, revision: &#039;aacccce0&#039;, time: &#039;2018-08-02T20:05:20.749Z&#039;
System info: host: &#039;MACPK-WKS-0132&#039;, ip: &#039;192.168.8.159&#039;, os.name: &#039;Windows 10&#039;, os.arch: &#039;amd64&#039;, os.version: &#039;10.0&#039;, java.version: &#039;1.8.0_191&#039;
Driver info: org.openqa.selenium.chrome.ChromeDriver
Capabilities {acceptInsecureCerts: false, acceptSslCerts: false, applicationCacheEnabled: false, browserConnectionEnabled: false, browserName: chrome, chrome: {chromedriverVersion: 2.40.565498 (ea082db3280dd6..., userDataDir: C:\Users\MUHAMM~1.IFT\AppDa...}, cssSelectorsEnabled: true, databaseEnabled: false, handlesAlerts: true, hasTouchScreen: false, javascriptEnabled: true, locationContextEnabled: true, mobileEmulationEnabled: false, nativeEvents: true, networkConnectionEnabled: false, pageLoadStrategy: normal, platform: XP, platformName: XP, rotatable: false, setWindowRect: true, takesHeapSnapshot: true, takesScreenshot: true, unexpectedAlertBehaviour: , unhandledPromptBehavior: , version: 71.0.3578.98, webStorageEnabled: true}
Session ID: 4d44611d6749bf115fb3a229977c3de6">
      <![CDATA[org.openqa.selenium.WebDriverException: unknown error: cannot determine loading status
from unknown error: cannot determine loading status
from disconnected: unable to send message to renderer
  (Session info: chrome=71.0.3578.98)
  (Driver info: chromedriver=2.40.565498 (ea082db3280dd6843ebfb08a625e3eb905c4f5ab),platform=Windows NT 10.0.17763 x86_64) (WARNING: The server did not provide any stacktrace information)
Command duration or timeout: 0 milliseconds
Build info: version: '3.14.0', revision: 'aacccce0', time: '2018-08-02T20:05:20.749Z'
System info: host: 'MACPK-WKS-0132', ip: '192.168.8.159', os.name: 'Windows 10', os.arch: 'amd64', os.version: '10.0', java.version: '1.8.0_191'
Driver info: org.openqa.selenium.chrome.ChromeDriver
Capabilities {acceptInsecureCerts: false, acceptSslCerts: false, applicationCacheEnabled: false, browserConnectionEnabled: false, browserName: chrome, chrome: {chromedriverVersion: 2.40.565498 (ea082db3280dd6..., userDataDir: C:\Users\MUHAMM~1.IFT\AppDa...}, cssSelectorsEnabled: true, databaseEnabled: false, handlesAlerts: true, hasTouchScreen: false, javascriptEnabled: true, locationContextEnabled: true, mobileEmulationEnabled: false, nativeEvents: true, networkConnectionEnabled: false, pageLoadStrategy: normal, platform: XP, platformName: XP, rotatable: false, setWindowRect: true, takesHeapSnapshot: true, takesScreenshot: true, unexpectedAlertBehaviour: , unhandledPromptBehavior: , version: 71.0.3578.98, webStorageEnabled: true}
Session ID: 4d44611d6749bf115fb3a229977c3de6
at sun.reflect.NativeConstructorAccessorImpl.newInstance0(Native Method)
at sun.reflect.NativeConstructorAccessorImpl.newInstance(Unknown Source)
at sun.reflect.DelegatingConstructorAccessorImpl.newInstance(Unknown Source)
at java.lang.reflect.Constructor.newInstance(Unknown Source)
at org.openqa.selenium.remote.ErrorHandler.createThrowable(ErrorHandler.java:214)
at org.openqa.selenium.remote.ErrorHandler.throwIfResponseFailed(ErrorHandler.java:166)
at org.openqa.selenium.remote.http.JsonHttpResponseCodec.reconstructValue(JsonHttpResponseCodec.java:40)
at org.openqa.selenium.remote.http.AbstractHttpResponseCodec.decode(AbstractHttpResponseCodec.java:80)
at org.openqa.selenium.remote.http.AbstractHttpResponseCodec.decode(AbstractHttpResponseCodec.java:44)
at org.openqa.selenium.remote.HttpCommandExecutor.execute(HttpCommandExecutor.java:158)
at org.openqa.selenium.remote.service.DriverCommandExecutor.execute(DriverCommandExecutor.java:83)
at org.openqa.selenium.remote.RemoteWebDriver.execute(RemoteWebDriver.java:548)
at org.openqa.selenium.remote.RemoteWebDriver.get(RemoteWebDriver.java:276)
at OrdersTestcases.BrowserInitiation.StartBrowser(BrowserInitiation.java:35)
at Master.OrdersExecution.Startup(OrdersExecution.java:51)
at sun.reflect.NativeMethodAccessorImpl.invoke0(Native Method)
at sun.reflect.NativeMethodAccessorImpl.invoke(Unknown Source)
at sun.reflect.DelegatingMethodAccessorImpl.invoke(Unknown Source)
at java.lang.reflect.Method.invoke(Unknown Source)
at org.testng.internal.MethodInvocationHelper.invokeMethod(MethodInvocationHelper.java:124)
at org.testng.internal.MethodInvocationHelper.invokeMethodConsideringTimeout(MethodInvocationHelper.java:59)
at org.testng.internal.Invoker.invokeConfigurationMethod(Invoker.java:458)
at org.testng.internal.Invoker.invokeConfigurations(Invoker.java:222)
at org.testng.internal.Invoker.invokeConfigurations(Invoker.java:142)
at org.testng.TestRunner.beforeRun(TestRunner.java:529)
at org.testng.TestRunner.run(TestRunner.java:497)
at org.testng.SuiteRunner.runTest(SuiteRunner.java:455)
at org.testng.SuiteRunner.runSequentially(SuiteRunner.java:450)
at org.testng.SuiteRunner.privateRun(SuiteRunner.java:415)
at org.testng.SuiteRunner.run(SuiteRunner.java:364)
at org.testng.SuiteRunnerWorker.runSuite(SuiteRunnerWorker.java:52)
at org.testng.SuiteRunnerWorker.run(SuiteRunnerWorker.java:84)
at org.testng.TestNG.runSuitesSequentially(TestNG.java:1208)
at org.testng.TestNG.runSuitesLocally(TestNG.java:1137)
at org.testng.TestNG.runSuites(TestNG.java:1049)
at org.testng.TestNG.run(TestNG.java:1017)
at org.testng.remote.AbstractRemoteTestNG.run(AbstractRemoteTestNG.java:114)
at org.testng.remote.RemoteTestNG.initAndRun(RemoteTestNG.java:251)
at org.testng.remote.RemoteTestNG.main(RemoteTestNG.java:77)
]]>
    </error>
  </testcase> <!-- Startup -->
  <testcase name="Settings_AutomaticSalesTaxChecked" time="0.000" classname="OrdersTestcases.OrderDeletion">
    <skipped/>
  </testcase> <!-- Settings_AutomaticSalesTaxChecked -->
  <testcase name="Order_Deletion" time="0.000" classname="OrdersTestcases.OrderDeletion">
    <skipped/>
  </testcase> <!-- Order_Deletion -->
  <testcase name="CreateQuote" time="0.000" classname="OrdersTestcases.OrderDeletion">
    <skipped/>
  </testcase> <!-- CreateQuote -->
  <testcase name="CreateOrder_FromQuote" time="0.000" classname="OrdersTestcases.OrderDeletion">
    <skipped/>
  </testcase> <!-- CreateOrder_FromQuote -->
  <testcase name="EnterpaymentWithInvoiceDelete" time="0.000" classname="OrdersTestcases.OrderDeletion">
    <skipped/>
  </testcase> <!-- EnterpaymentWithInvoiceDelete -->
  <testcase name="CreateInvoice" time="0.000" classname="OrdersTestcases.OrderDeletion">
    <skipped/>
  </testcase> <!-- CreateInvoice -->
  <testcase name="CreateOrder" time="0.000" classname="OrdersTestcases.OrderDeletion">
    <skipped/>
  </testcase> <!-- CreateOrder -->
  <testcase name="PNameandSupplierASInoAreClickable" time="0.000" classname="OrdersTestcases.OrderDeletion">
    <skipped/>
  </testcase> <!-- PNameandSupplierASInoAreClickable -->
  <testcase name="BackButton" time="0.000" classname="OrdersTestcases.OrderDeletion">
    <skipped/>
  </testcase> <!-- BackButton -->
  <testcase name="EditOrder_Config" time="0.000" classname="OrdersTestcases.OrderDeletion">
    <skipped/>
  </testcase> <!-- EditOrder_Config -->
  <testcase name="EditOrder_Decoration" time="0.000" classname="OrdersTestcases.OrderDeletion">
    <skipped/>
  </testcase> <!-- EditOrder_Decoration -->
  <testcase name="EditOrder_Instructions" time="0.000" classname="OrdersTestcases.OrderDeletion">
    <skipped/>
  </testcase> <!-- EditOrder_Instructions -->
  <testcase name="Settings_SalesTaxConfig" time="0.000" classname="OrdersTestcases.OrderDeletion">
    <skipped/>
  </testcase> <!-- Settings_SalesTaxConfig -->
  <testcase name="ManualSalesTaxCalculation" time="0.000" classname="OrdersTestcases.OrderDeletion">
    <skipped/>
  </testcase> <!-- ManualSalesTaxCalculation -->
  <testcase name="Service" time="0.000" classname="OrdersTestcases.OrderDeletion">
    <skipped/>
  </testcase> <!-- Service -->
  <testcase name="Settings_ShippingTaxConfig" time="0.000" classname="OrdersTestcases.OrderDeletion">
    <skipped/>
  </testcase> <!-- Settings_ShippingTaxConfig -->
  <testcase name="Settings_ShippingTaxCalculationVerify" time="0.000" classname="OrdersTestcases.OrderDeletion">
    <skipped/>
  </testcase> <!-- Settings_ShippingTaxCalculationVerify -->
  <testcase name="TaxCalculationWithServiceTypeCredit" time="0.000" classname="OrdersTestcases.OrderDeletion">
    <skipped/>
  </testcase> <!-- TaxCalculationWithServiceTypeCredit -->
  <testcase name="MultiShippingAddress" time="0.000" classname="OrdersTestcases.OrderDeletion">
    <skipped/>
  </testcase> <!-- MultiShippingAddress -->
  <testcase name="SplitShipment" time="0.000" classname="OrdersTestcases.OrderDeletion">
    <skipped/>
  </testcase> <!-- SplitShipment -->
  <testcase name="AddShipmentAddress_WithDifferentDecoratorCompany" time="0.000" classname="OrdersTestcases.OrderDeletion">
    <skipped/>
  </testcase> <!-- AddShipmentAddress_WithDifferentDecoratorCompany -->
  <testcase name="BlindShip_WithConfirmation" time="0.000" classname="OrdersTestcases.OrderDeletion">
    <skipped/>
  </testcase> <!-- BlindShip_WithConfirmation -->
  <testcase name="PurchaseOrder_PreviewWithDownload" time="0.000" classname="OrdersTestcases.OrderDeletion">
    <skipped/>
  </testcase> <!-- PurchaseOrder_PreviewWithDownload -->
  <testcase name="SalesOrder_PreviewWithDownload" time="0.000" classname="OrdersTestcases.OrderDeletion">
    <skipped/>
  </testcase> <!-- SalesOrder_PreviewWithDownload -->
  <testcase name="AcknowledgementDoc" time="0.000" classname="OrdersTestcases.OrderDeletion">
    <skipped/>
  </testcase> <!-- AcknowledgementDoc -->
  <testcase name="OrderlevelDownload" time="0.000" classname="OrdersTestcases.OrderDeletion">
    <skipped/>
  </testcase> <!-- OrderlevelDownload -->
  <testcase name="CreateOrderwhenAddressnotmatching" time="0.000" classname="OrdersTestcases.OrderDeletion">
    <skipped/>
  </testcase> <!-- CreateOrderwhenAddressnotmatching -->
</testsuite> <!-- OrdersTestcases.OrderDeletion -->
