<?xml version="1.0" encoding="UTF-8"?>
<!-- Generated by org.testng.reporters.JUnitReportReporter -->
<testsuite hostname="MACPK-WKS-0132" failures="0" tests="23" name="OrdersTestcases.MultipleShippingAddress" time="13.475" errors="2" timestamp="26 Jun 2018 10:57:39 GMT" skipped="21">
  <testcase classname="OrdersTestcases.MultipleShippingAddress" name="LoginApp" time="13.472">
    <error message="no alert open
  (Session info: chrome=67.0.3396.87)
  (Driver info: chromedriver=2.36.540470 (e522d04694c7ebea4ba8821272dbef4f9b818c91),platform=Windows NT 10.0.17134 x86_64) (WARNING: The server did not provide any stacktrace information)
Command duration or timeout: 9 milliseconds
Build info: version: &#039;unknown&#039;, revision: &#039;1969d75&#039;, time: &#039;2016-10-18 09:43:45 -0700&#039;
System info: host: &#039;MACPK-WKS-0132&#039;, ip: &#039;192.168.11.29&#039;, os.name: &#039;Windows 10&#039;, os.arch: &#039;amd64&#039;, os.version: &#039;10.0&#039;, java.version: &#039;10.0.1&#039;
Driver info: org.openqa.selenium.chrome.ChromeDriver
Capabilities [{applicationCacheEnabled=false, rotatable=false, mobileEmulationEnabled=false, networkConnectionEnabled=false, chrome={chromedriverVersion=2.36.540470 (e522d04694c7ebea4ba8821272dbef4f9b818c91), userDataDir=C:\Users\MUHAMM~1.IFT\AppData\Local\Temp\scoped_dir4512_29136}, takesHeapSnapshot=true, pageLoadStrategy=normal, databaseEnabled=false, handlesAlerts=true, hasTouchScreen=false, version=67.0.3396.87, platform=XP, browserConnectionEnabled=false, nativeEvents=true, acceptSslCerts=false, acceptInsecureCerts=false, locationContextEnabled=true, webStorageEnabled=true, browserName=chrome, takesScreenshot=true, javascriptEnabled=true, cssSelectorsEnabled=true, setWindowRect=true, unexpectedAlertBehaviour=}]
Session ID: 786eb644ad20fbd56d4f088931722dd3" type="org.openqa.selenium.NoAlertPresentException">
      <![CDATA[org.openqa.selenium.NoAlertPresentException: no alert open  (Session info: chrome=67.0.3396.87)  (Driver info: chromedriver=2.36.540470 (e522d04694c7ebea4ba8821272dbef4f9b818c91),platform=Windows NT 10.0.17134 x86_64) (WARNING: The server did not provide any stacktrace information)Command duration or timeout: 9 millisecondsBuild info: version: 'unknown', revision: '1969d75', time: '2016-10-18 09:43:45 -0700'System info: host: 'MACPK-WKS-0132', ip: '192.168.11.29', os.name: 'Windows 10', os.arch: 'amd64', os.version: '10.0', java.version: '10.0.1'Driver info: org.openqa.selenium.chrome.ChromeDriverCapabilities [{applicationCacheEnabled=false, rotatable=false, mobileEmulationEnabled=false, networkConnectionEnabled=false, chrome={chromedriverVersion=2.36.540470 (e522d04694c7ebea4ba8821272dbef4f9b818c91), userDataDir=C:\Users\MUHAMM~1.IFT\AppData\Local\Temp\scoped_dir4512_29136}, takesHeapSnapshot=true, pageLoadStrategy=normal, databaseEnabled=false, handlesAlerts=true, hasTouchScreen=false, version=67.0.3396.87, platform=XP, browserConnectionEnabled=false, nativeEvents=true, acceptSslCerts=false, acceptInsecureCerts=false, locationContextEnabled=true, webStorageEnabled=true, browserName=chrome, takesScreenshot=true, javascriptEnabled=true, cssSelectorsEnabled=true, setWindowRect=true, unexpectedAlertBehaviour=}]Session ID: 786eb644ad20fbd56d4f088931722dd3at java.base/jdk.internal.reflect.NativeConstructorAccessorImpl.newInstance0(Native Method)at java.base/jdk.internal.reflect.NativeConstructorAccessorImpl.newInstance(NativeConstructorAccessorImpl.java:62)at java.base/jdk.internal.reflect.DelegatingConstructorAccessorImpl.newInstance(DelegatingConstructorAccessorImpl.java:45)at java.base/java.lang.reflect.Constructor.newInstance(Constructor.java:488)at org.openqa.selenium.remote.ErrorHandler.createThrowable(ErrorHandler.java:216)at org.openqa.selenium.remote.ErrorHandler.throwIfResponseFailed(ErrorHandler.java:168)at org.openqa.selenium.remote.RemoteWebDriver.execute(RemoteWebDriver.java:635)at org.openqa.selenium.remote.RemoteWebDriver.execute(RemoteWebDriver.java:658)at org.openqa.selenium.remote.RemoteWebDriver$RemoteTargetLocator.alert(RemoteWebDriver.java:977)at OrdersTestcases.Login.login(Login.java:41)at Master.OrdersExecution.LoginApp(OrdersExecution.java:84)at java.base/jdk.internal.reflect.NativeMethodAccessorImpl.invoke0(Native Method)at java.base/jdk.internal.reflect.NativeMethodAccessorImpl.invoke(NativeMethodAccessorImpl.java:62)at java.base/jdk.internal.reflect.DelegatingMethodAccessorImpl.invoke(DelegatingMethodAccessorImpl.java:43)at java.base/java.lang.reflect.Method.invoke(Method.java:564)at org.testng.internal.MethodInvocationHelper.invokeMethod(MethodInvocationHelper.java:124)at org.testng.internal.Invoker.invokeMethod(Invoker.java:571)at org.testng.internal.Invoker.invokeTestMethod(Invoker.java:707)at org.testng.internal.Invoker.invokeTestMethods(Invoker.java:979)at org.testng.internal.TestMethodWorker.invokeTestMethods(TestMethodWorker.java:125)at org.testng.internal.TestMethodWorker.run(TestMethodWorker.java:109)at org.testng.TestRunner.privateRun(TestRunner.java:648)at org.testng.TestRunner.run(TestRunner.java:505)at org.testng.SuiteRunner.runTest(SuiteRunner.java:455)at org.testng.SuiteRunner.runSequentially(SuiteRunner.java:450)at org.testng.SuiteRunner.privateRun(SuiteRunner.java:415)at org.testng.SuiteRunner.run(SuiteRunner.java:364)at org.testng.SuiteRunnerWorker.runSuite(SuiteRunnerWorker.java:52)at org.testng.SuiteRunnerWorker.run(SuiteRunnerWorker.java:84)at org.testng.TestNG.runSuitesSequentially(TestNG.java:1187)at org.testng.TestNG.runSuitesLocally(TestNG.java:1116)at org.testng.TestNG.runSuites(TestNG.java:1028)at org.testng.TestNG.run(TestNG.java:996)at org.testng.remote.AbstractRemoteTestNG.run(AbstractRemoteTestNG.java:114)at org.testng.remote.RemoteTestNG.initAndRun(RemoteTestNG.java:251)at org.testng.remote.RemoteTestNG.main(RemoteTestNG.java:77)]]>
    </error>
  </testcase> <!-- LoginApp -->
  <testcase classname="OrdersTestcases.MultipleShippingAddress" name="getResult" time="0.003">
    <error type="java.lang.NullPointerException">
      <![CDATA[java.lang.NullPointerExceptionat Master.OrdersExecution.getResult(OrdersExecution.java:327)at java.base/jdk.internal.reflect.NativeMethodAccessorImpl.invoke0(Native Method)at java.base/jdk.internal.reflect.NativeMethodAccessorImpl.invoke(NativeMethodAccessorImpl.java:62)at java.base/jdk.internal.reflect.DelegatingMethodAccessorImpl.invoke(DelegatingMethodAccessorImpl.java:43)at java.base/java.lang.reflect.Method.invoke(Method.java:564)at org.testng.internal.MethodInvocationHelper.invokeMethod(MethodInvocationHelper.java:124)at org.testng.internal.MethodInvocationHelper.invokeMethodConsideringTimeout(MethodInvocationHelper.java:59)at org.testng.internal.Invoker.invokeConfigurationMethod(Invoker.java:451)at org.testng.internal.Invoker.invokeConfigurations(Invoker.java:222)at org.testng.internal.Invoker.invokeMethod(Invoker.java:634)at org.testng.internal.Invoker.invokeTestMethod(Invoker.java:707)at org.testng.internal.Invoker.invokeTestMethods(Invoker.java:979)at org.testng.internal.TestMethodWorker.invokeTestMethods(TestMethodWorker.java:125)at org.testng.internal.TestMethodWorker.run(TestMethodWorker.java:109)at org.testng.TestRunner.privateRun(TestRunner.java:648)at org.testng.TestRunner.run(TestRunner.java:505)at org.testng.SuiteRunner.runTest(SuiteRunner.java:455)at org.testng.SuiteRunner.runSequentially(SuiteRunner.java:450)at org.testng.SuiteRunner.privateRun(SuiteRunner.java:415)at org.testng.SuiteRunner.run(SuiteRunner.java:364)at org.testng.SuiteRunnerWorker.runSuite(SuiteRunnerWorker.java:52)at org.testng.SuiteRunnerWorker.run(SuiteRunnerWorker.java:84)at org.testng.TestNG.runSuitesSequentially(TestNG.java:1187)at org.testng.TestNG.runSuitesLocally(TestNG.java:1116)at org.testng.TestNG.runSuites(TestNG.java:1028)at org.testng.TestNG.run(TestNG.java:996)at org.testng.remote.AbstractRemoteTestNG.run(AbstractRemoteTestNG.java:114)at org.testng.remote.RemoteTestNG.initAndRun(RemoteTestNG.java:251)at org.testng.remote.RemoteTestNG.main(RemoteTestNG.java:77)]]>
    </error>
  </testcase> <!-- getResult -->
  <testcase classname="OrdersTestcases.MultipleShippingAddress" name="MultiShippingAddress" time="0.000">
    <skipped/>
  </testcase> <!-- MultiShippingAddress -->
  <testcase classname="OrdersTestcases.MultipleShippingAddress" name="SplitShipment" time="0.000">
    <skipped/>
  </testcase> <!-- SplitShipment -->
  <testcase classname="OrdersTestcases.MultipleShippingAddress" name="AddShipmentAddress_WithDifferentDecoratorCompany" time="0.000">
    <skipped/>
  </testcase> <!-- AddShipmentAddress_WithDifferentDecoratorCompany -->
  <testcase classname="OrdersTestcases.MultipleShippingAddress" name="BlindShip_WithConfirmation" time="0.000">
    <skipped/>
  </testcase> <!-- BlindShip_WithConfirmation -->
  <testcase classname="OrdersTestcases.MultipleShippingAddress" name="PurchaseOrder_PreviewWithDownload" time="0.000">
    <skipped/>
  </testcase> <!-- PurchaseOrder_PreviewWithDownload -->
  <testcase classname="OrdersTestcases.MultipleShippingAddress" name="SalesOrder_PreviewWithDownload" time="0.000">
    <skipped/>
  </testcase> <!-- SalesOrder_PreviewWithDownload -->
  <testcase classname="OrdersTestcases.MultipleShippingAddress" name="AcknowledgementDoc" time="0.000">
    <skipped/>
  </testcase> <!-- AcknowledgementDoc -->
  <testcase classname="OrdersTestcases.MultipleShippingAddress" name="OrderlevelDownload" time="0.000">
    <skipped/>
  </testcase> <!-- OrderlevelDownload -->
  <testcase classname="OrdersTestcases.MultipleShippingAddress" name="OrderFromWESP_Search" time="0.000">
    <skipped/>
  </testcase> <!-- OrderFromWESP_Search -->
  <testcase classname="OrdersTestcases.MultipleShippingAddress" name="OrderFromWESP_HoveringProduct" time="0.000">
    <skipped/>
  </testcase> <!-- OrderFromWESP_HoveringProduct -->
  <testcase classname="OrdersTestcases.MultipleShippingAddress" name="OrderFromWESP_QuickInfoProduct" time="0.000">
    <skipped/>
  </testcase> <!-- OrderFromWESP_QuickInfoProduct -->
  <testcase classname="OrdersTestcases.MultipleShippingAddress" name="OrderFromWESP_Compare" time="0.000">
    <skipped/>
  </testcase> <!-- OrderFromWESP_Compare -->
  <testcase classname="OrdersTestcases.MultipleShippingAddress" name="OrderFromWESP_Project" time="0.000">
    <skipped/>
  </testcase> <!-- OrderFromWESP_Project -->
  <testcase classname="OrdersTestcases.MultipleShippingAddress" name="OrderFromIDAHO_Projects" time="0.000">
    <skipped/>
  </testcase> <!-- OrderFromIDAHO_Projects -->
  <testcase classname="OrdersTestcases.MultipleShippingAddress" name="OrderFromWESP_With_CandianProduct" time="0.000">
    <skipped/>
  </testcase> <!-- OrderFromWESP_With_CandianProduct -->
  <testcase classname="OrdersTestcases.MultipleShippingAddress" name="OrderFromWESP_From_CreatePresentation_OrderCreation" time="0.000">
    <skipped/>
  </testcase> <!-- OrderFromWESP_From_CreatePresentation_OrderCreation -->
  <testcase classname="OrdersTestcases.MultipleShippingAddress" name="OrderCreation_ThroughShoppingCart_Idaho" time="0.000">
    <skipped/>
  </testcase> <!-- OrderCreation_ThroughShoppingCart_Idaho -->
  <testcase classname="OrdersTestcases.MultipleShippingAddress" name="OrderCreation_ThroughShoppingCart_WESP" time="0.000">
    <skipped/>
  </testcase> <!-- OrderCreation_ThroughShoppingCart_WESP -->
  <testcase classname="OrdersTestcases.MultipleShippingAddress" name="OrderCreation_FromClipBoard_WESP" time="0.000">
    <skipped/>
  </testcase> <!-- OrderCreation_FromClipBoard_WESP -->
  <testcase classname="OrdersTestcases.MultipleShippingAddress" name="QuoteCreation_FromClipBoard_WESP" time="0.000">
    <skipped/>
  </testcase> <!-- QuoteCreation_FromClipBoard_WESP -->
  <testcase classname="OrdersTestcases.MultipleShippingAddress" name="WESPOrder_SafeModeActive" time="0.000">
    <skipped/>
  </testcase> <!-- WESPOrder_SafeModeActive -->
</testsuite> <!-- OrdersTestcases.MultipleShippingAddress -->
