<?xml version="1.0" encoding="UTF-8"?>
<!-- Generated by org.testng.reporters.JUnitReportReporter -->
<testsuite hostname="MACPK-WKS-0132" failures="0" tests="17" name="OrdersWESPTestcases.OrderFromWESP_ThroughProject" time="2463.063" errors="1" timestamp="27 Aug 2018 11:32:44 GMT" skipped="0">
  <testcase classname="OrdersWESPTestcases.OrderFromWESP_ThroughProject" name="LoginApp" time="28.420"/>
  <testcase classname="OrdersWESPTestcases.OrderFromWESP_ThroughProject" name="OrderFromWESP_Search" time="347.238"/>
  <testcase classname="OrdersWESPTestcases.OrderFromWESP_ThroughProject" name="OrderFromWESP_HoveringProduct" time="164.142"/>
  <testcase classname="OrdersWESPTestcases.OrderFromWESP_ThroughProject" name="OrderFromWESP_QuickInfoProduct" time="112.710"/>
  <testcase classname="OrdersWESPTestcases.OrderFromWESP_ThroughProject" name="OrderFromWESP_Compare" time="89.470"/>
  <testcase classname="OrdersWESPTestcases.OrderFromWESP_ThroughProject" name="OrderFromWESP_Project" time="163.538"/>
  <testcase classname="OrdersWESPTestcases.OrderFromWESP_ThroughProject" name="OrderFromIDAHO_Projects" time="127.886">
    <error message="unknown error: Element &lt;a href=&quot;&quot; ng-click=&quot;select($event)&quot; class=&quot;nav-link ng-binding&quot; uib-tab-heading-transclude=&quot;&quot;&gt;...&lt;/a&gt; is not clickable at point (611, 322). Other element would receive the click: &lt;div class=&quot;block-ui-overlay&quot;&gt;&lt;/div&gt;
  (Session info: chrome=68.0.3440.106)
  (Driver info: chromedriver=2.40.565498 (ea082db3280dd6843ebfb08a625e3eb905c4f5ab),platform=Windows NT 10.0.17134 x86_64) (WARNING: The server did not provide any stacktrace information)
Command duration or timeout: 76 milliseconds
Build info: version: &#039;unknown&#039;, revision: &#039;1969d75&#039;, time: &#039;2016-10-18 09:43:45 -0700&#039;
System info: host: &#039;MACPK-WKS-0132&#039;, ip: &#039;172.25.174.195&#039;, os.name: &#039;Windows 10&#039;, os.arch: &#039;amd64&#039;, os.version: &#039;10.0&#039;, java.version: &#039;10.0.1&#039;
Driver info: org.openqa.selenium.chrome.ChromeDriver
Capabilities [{applicationCacheEnabled=false, rotatable=false, mobileEmulationEnabled=false, networkConnectionEnabled=false, chrome={chromedriverVersion=2.40.565498 (ea082db3280dd6843ebfb08a625e3eb905c4f5ab), userDataDir=C:\Users\MUHAMM~1.IFT\AppData\Local\Temp\scoped_dir13552_20032}, takesHeapSnapshot=true, pageLoadStrategy=normal, databaseEnabled=false, handlesAlerts=true, hasTouchScreen=false, version=68.0.3440.106, platform=XP, browserConnectionEnabled=false, nativeEvents=true, acceptSslCerts=false, acceptInsecureCerts=false, locationContextEnabled=true, webStorageEnabled=true, browserName=chrome, takesScreenshot=true, javascriptEnabled=true, cssSelectorsEnabled=true, setWindowRect=true, unexpectedAlertBehaviour=}]
Session ID: 61a790e7e72e98dc464ec495933d8229" type="org.openqa.selenium.WebDriverException">
      <![CDATA[org.openqa.selenium.WebDriverException: unknown error: Element <a href="" ng-click="select($event)" class="nav-link ng-binding" uib-tab-heading-transclude="">...</a> is not clickable at point (611, 322). Other element would receive the click: <div class="block-ui-overlay"></div>
  (Session info: chrome=68.0.3440.106)
  (Driver info: chromedriver=2.40.565498 (ea082db3280dd6843ebfb08a625e3eb905c4f5ab),platform=Windows NT 10.0.17134 x86_64) (WARNING: The server did not provide any stacktrace information)
Command duration or timeout: 76 milliseconds
Build info: version: 'unknown', revision: '1969d75', time: '2016-10-18 09:43:45 -0700'
System info: host: 'MACPK-WKS-0132', ip: '172.25.174.195', os.name: 'Windows 10', os.arch: 'amd64', os.version: '10.0', java.version: '10.0.1'
Driver info: org.openqa.selenium.chrome.ChromeDriver
Capabilities [{applicationCacheEnabled=false, rotatable=false, mobileEmulationEnabled=false, networkConnectionEnabled=false, chrome={chromedriverVersion=2.40.565498 (ea082db3280dd6843ebfb08a625e3eb905c4f5ab), userDataDir=C:\Users\MUHAMM~1.IFT\AppData\Local\Temp\scoped_dir13552_20032}, takesHeapSnapshot=true, pageLoadStrategy=normal, databaseEnabled=false, handlesAlerts=true, hasTouchScreen=false, version=68.0.3440.106, platform=XP, browserConnectionEnabled=false, nativeEvents=true, acceptSslCerts=false, acceptInsecureCerts=false, locationContextEnabled=true, webStorageEnabled=true, browserName=chrome, takesScreenshot=true, javascriptEnabled=true, cssSelectorsEnabled=true, setWindowRect=true, unexpectedAlertBehaviour=}]
Session ID: 61a790e7e72e98dc464ec495933d8229
at java.base/jdk.internal.reflect.NativeConstructorAccessorImpl.newInstance0(Native Method)
at java.base/jdk.internal.reflect.NativeConstructorAccessorImpl.newInstance(NativeConstructorAccessorImpl.java:62)
at java.base/jdk.internal.reflect.DelegatingConstructorAccessorImpl.newInstance(DelegatingConstructorAccessorImpl.java:45)
at java.base/java.lang.reflect.Constructor.newInstance(Constructor.java:488)
at org.openqa.selenium.remote.ErrorHandler.createThrowable(ErrorHandler.java:216)
at org.openqa.selenium.remote.ErrorHandler.throwIfResponseFailed(ErrorHandler.java:168)
at org.openqa.selenium.remote.RemoteWebDriver.execute(RemoteWebDriver.java:635)
at org.openqa.selenium.remote.RemoteWebElement.execute(RemoteWebElement.java:274)
at org.openqa.selenium.remote.RemoteWebElement.click(RemoteWebElement.java:84)
at jdk.internal.reflect.GeneratedMethodAccessor1.invoke(Unknown Source)
at java.base/jdk.internal.reflect.DelegatingMethodAccessorImpl.invoke(DelegatingMethodAccessorImpl.java:43)
at java.base/java.lang.reflect.Method.invoke(Method.java:564)
at org.openqa.selenium.support.pagefactory.internal.LocatingElementHandler.invoke(LocatingElementHandler.java:51)
at com.sun.proxy.$Proxy11.click(Unknown Source)
at OrdersWESPTestcases.OrderFromIdaho_ThroughProjects.OrderFromIDAHO_FromProjects(OrderFromIdaho_ThroughProjects.java:173)
at Master.WESPORDER.OrderFromIDAHO_Projects(WESPORDER.java:91)
at java.base/jdk.internal.reflect.NativeMethodAccessorImpl.invoke0(Native Method)
at java.base/jdk.internal.reflect.NativeMethodAccessorImpl.invoke(NativeMethodAccessorImpl.java:62)
at java.base/jdk.internal.reflect.DelegatingMethodAccessorImpl.invoke(DelegatingMethodAccessorImpl.java:43)
at java.base/java.lang.reflect.Method.invoke(Method.java:564)
at org.testng.internal.MethodInvocationHelper.invokeMethod(MethodInvocationHelper.java:124)
at org.testng.internal.Invoker.invokeMethod(Invoker.java:583)
at org.testng.internal.Invoker.invokeTestMethod(Invoker.java:719)
at org.testng.internal.Invoker.invokeTestMethods(Invoker.java:989)
at org.testng.internal.TestMethodWorker.invokeTestMethods(TestMethodWorker.java:125)
at org.testng.internal.TestMethodWorker.run(TestMethodWorker.java:109)
at org.testng.TestRunner.privateRun(TestRunner.java:648)
at org.testng.TestRunner.run(TestRunner.java:505)
at org.testng.SuiteRunner.runTest(SuiteRunner.java:455)
at org.testng.SuiteRunner.runSequentially(SuiteRunner.java:450)
at org.testng.SuiteRunner.privateRun(SuiteRunner.java:415)
at org.testng.SuiteRunner.run(SuiteRunner.java:364)
at org.testng.SuiteRunnerWorker.runSuite(SuiteRunnerWorker.java:52)
at org.testng.SuiteRunnerWorker.run(SuiteRunnerWorker.java:84)
at org.testng.TestNG.runSuitesSequentially(TestNG.java:1208)
at org.testng.TestNG.runSuitesLocally(TestNG.java:1137)
at org.testng.TestNG.runSuites(TestNG.java:1049)
at org.testng.TestNG.run(TestNG.java:1017)
at org.testng.remote.AbstractRemoteTestNG.run(AbstractRemoteTestNG.java:114)
at org.testng.remote.RemoteTestNG.initAndRun(RemoteTestNG.java:251)
at org.testng.remote.RemoteTestNG.main(RemoteTestNG.java:77)
]]>
    </error>
  </testcase> <!-- OrderFromIDAHO_Projects -->
  <testcase classname="OrdersWESPTestcases.OrderFromWESP_ThroughProject" name="OrderFromWESP_With_CandianProduct" time="162.862"/>
  <testcase classname="OrdersWESPTestcases.OrderFromWESP_ThroughProject" name="OrderFromWESP_From_CreatePresentation_OrderCreation" time="118.664"/>
  <testcase classname="OrdersWESPTestcases.OrderFromWESP_ThroughProject" name="OrderCreation_ThroughShoppingCart_Idaho" time="158.973"/>
  <testcase classname="OrdersWESPTestcases.OrderFromWESP_ThroughProject" name="OrderCreation_ThroughShoppingCart_WESP" time="92.942"/>
  <testcase classname="OrdersWESPTestcases.OrderFromWESP_ThroughProject" name="OrderCreation_FromClipBoard_WESP" time="169.666"/>
  <testcase classname="OrdersWESPTestcases.OrderFromWESP_ThroughProject" name="OrderCreation_FromWespMultipleProd" time="202.435"/>
  <testcase classname="OrdersWESPTestcases.OrderFromWESP_ThroughProject" name="OrderCreation_FromIdahoMultipleProd" time="213.743"/>
  <testcase classname="OrdersWESPTestcases.OrderFromWESP_ThroughProject" name="SerchByInvoice" time="38.720"/>
  <testcase classname="OrdersWESPTestcases.OrderFromWESP_ThroughProject" name="QuoteCreation_FromClipBoard_WESP" time="161.678"/>
  <testcase classname="OrdersWESPTestcases.OrderFromWESP_ThroughProject" name="WESPOrder_SafeModeActive" time="109.976"/>
</testsuite> <!-- OrdersWESPTestcases.OrderFromWESP_ThroughProject -->
