<?xml version="1.0" encoding="UTF-8"?>
<!-- Generated by org.testng.reporters.JUnitReportReporter -->
<testsuite hostname="MACPK-WKS-0132" failures="0" tests="31" name="OrdersTestcases.EditOrderProduct_Decoration" time="220.416" errors="2" timestamp="08 May 2018 11:25:24 GMT" skipped="27">
  <testcase classname="OrdersTestcases.EditOrderProduct_Decoration" name="getResult" time="0.007">
    <error type="java.lang.NullPointerException">
      <![CDATA[java.lang.NullPointerExceptionat Master.OrdersExecution.getResult(OrdersExecution.java:320)at java.base/jdk.internal.reflect.NativeMethodAccessorImpl.invoke0(Native Method)at java.base/jdk.internal.reflect.NativeMethodAccessorImpl.invoke(Unknown Source)at java.base/jdk.internal.reflect.DelegatingMethodAccessorImpl.invoke(Unknown Source)at java.base/java.lang.reflect.Method.invoke(Unknown Source)at org.testng.internal.MethodInvocationHelper.invokeMethod(MethodInvocationHelper.java:124)at org.testng.internal.MethodInvocationHelper.invokeMethodConsideringTimeout(MethodInvocationHelper.java:59)at org.testng.internal.Invoker.invokeConfigurationMethod(Invoker.java:451)at org.testng.internal.Invoker.invokeConfigurations(Invoker.java:222)at org.testng.internal.Invoker.invokeMethod(Invoker.java:634)at org.testng.internal.Invoker.invokeTestMethod(Invoker.java:707)at org.testng.internal.Invoker.invokeTestMethods(Invoker.java:979)at org.testng.internal.TestMethodWorker.invokeTestMethods(TestMethodWorker.java:125)at org.testng.internal.TestMethodWorker.run(TestMethodWorker.java:109)at org.testng.TestRunner.privateRun(TestRunner.java:648)at org.testng.TestRunner.run(TestRunner.java:505)at org.testng.SuiteRunner.runTest(SuiteRunner.java:455)at org.testng.SuiteRunner.runSequentially(SuiteRunner.java:450)at org.testng.SuiteRunner.privateRun(SuiteRunner.java:415)at org.testng.SuiteRunner.run(SuiteRunner.java:364)at org.testng.SuiteRunnerWorker.runSuite(SuiteRunnerWorker.java:52)at org.testng.SuiteRunnerWorker.run(SuiteRunnerWorker.java:84)at org.testng.TestNG.runSuitesSequentially(TestNG.java:1187)at org.testng.TestNG.runSuitesLocally(TestNG.java:1116)at org.testng.TestNG.runSuites(TestNG.java:1028)at org.testng.TestNG.run(TestNG.java:996)at org.testng.remote.AbstractRemoteTestNG.run(AbstractRemoteTestNG.java:114)at org.testng.remote.RemoteTestNG.initAndRun(RemoteTestNG.java:251)at org.testng.remote.RemoteTestNG.main(RemoteTestNG.java:77)]]>
    </error>
  </testcase> <!-- getResult -->
  <testcase classname="OrdersTestcases.EditOrderProduct_Decoration" name="LoginApp" time="46.898"/>
  <testcase classname="OrdersTestcases.EditOrderProduct_Decoration" name="EditOrder_Decoration" time="167.268"/>
  <testcase classname="OrdersTestcases.EditOrderProduct_Decoration" name="EditOrder_Instructions" time="6.243">
    <error message="unknown error: Element &lt;a href=&quot;&quot; class=&quot;btn ng-binding&quot; ng-click=&quot;key === &#039;purchaseOrders&#039; ? currentUser.canCreatePO &amp;amp;&amp;amp; changeItemView(key, tab) : changeItemView(key, tab)&quot;&gt;...&lt;/a&gt; is not clickable at point (80, 342). Other element would receive the click: &lt;div class=&quot;col-sm-3 col-md-3&quot;&gt;...&lt;/div&gt;
  (Session info: chrome=66.0.3359.139)
  (Driver info: chromedriver=2.36.540470 (e522d04694c7ebea4ba8821272dbef4f9b818c91),platform=Windows NT 10.0.16299 x86_64) (WARNING: The server did not provide any stacktrace information)
Command duration or timeout: 155 milliseconds
Build info: version: &#039;unknown&#039;, revision: &#039;1969d75&#039;, time: &#039;2016-10-18 09:43:45 -0700&#039;
System info: host: &#039;MACPK-WKS-0132&#039;, ip: &#039;172.25.174.218&#039;, os.name: &#039;Windows 10&#039;, os.arch: &#039;amd64&#039;, os.version: &#039;10.0&#039;, java.version: &#039;9.0.4&#039;
Driver info: org.openqa.selenium.chrome.ChromeDriver
Capabilities [{applicationCacheEnabled=false, rotatable=false, mobileEmulationEnabled=false, networkConnectionEnabled=false, chrome={chromedriverVersion=2.36.540470 (e522d04694c7ebea4ba8821272dbef4f9b818c91), userDataDir=C:\Users\MUHAMM~1.IFT\AppData\Local\Temp\scoped_dir13104_26452}, takesHeapSnapshot=true, pageLoadStrategy=normal, databaseEnabled=false, handlesAlerts=true, hasTouchScreen=false, version=66.0.3359.139, platform=XP, browserConnectionEnabled=false, nativeEvents=true, acceptSslCerts=false, acceptInsecureCerts=false, locationContextEnabled=true, webStorageEnabled=true, browserName=chrome, takesScreenshot=true, javascriptEnabled=true, cssSelectorsEnabled=true, setWindowRect=true, unexpectedAlertBehaviour=}]
Session ID: e261a13cc3cd55d0e525d9c94412cede" type="org.openqa.selenium.WebDriverException">
      <![CDATA[org.openqa.selenium.WebDriverException: unknown error: Element <a href="" class="btn ng-binding" ng-click="key === 'purchaseOrders' ? currentUser.canCreatePO &amp;&amp; changeItemView(key, tab) : changeItemView(key, tab)">...</a> is not clickable at point (80, 342). Other element would receive the click: <div class="col-sm-3 col-md-3">...</div>  (Session info: chrome=66.0.3359.139)  (Driver info: chromedriver=2.36.540470 (e522d04694c7ebea4ba8821272dbef4f9b818c91),platform=Windows NT 10.0.16299 x86_64) (WARNING: The server did not provide any stacktrace information)Command duration or timeout: 155 millisecondsBuild info: version: 'unknown', revision: '1969d75', time: '2016-10-18 09:43:45 -0700'System info: host: 'MACPK-WKS-0132', ip: '172.25.174.218', os.name: 'Windows 10', os.arch: 'amd64', os.version: '10.0', java.version: '9.0.4'Driver info: org.openqa.selenium.chrome.ChromeDriverCapabilities [{applicationCacheEnabled=false, rotatable=false, mobileEmulationEnabled=false, networkConnectionEnabled=false, chrome={chromedriverVersion=2.36.540470 (e522d04694c7ebea4ba8821272dbef4f9b818c91), userDataDir=C:\Users\MUHAMM~1.IFT\AppData\Local\Temp\scoped_dir13104_26452}, takesHeapSnapshot=true, pageLoadStrategy=normal, databaseEnabled=false, handlesAlerts=true, hasTouchScreen=false, version=66.0.3359.139, platform=XP, browserConnectionEnabled=false, nativeEvents=true, acceptSslCerts=false, acceptInsecureCerts=false, locationContextEnabled=true, webStorageEnabled=true, browserName=chrome, takesScreenshot=true, javascriptEnabled=true, cssSelectorsEnabled=true, setWindowRect=true, unexpectedAlertBehaviour=}]Session ID: e261a13cc3cd55d0e525d9c94412cedeat java.base/jdk.internal.reflect.NativeConstructorAccessorImpl.newInstance0(Native Method)at java.base/jdk.internal.reflect.NativeConstructorAccessorImpl.newInstance(Unknown Source)at java.base/jdk.internal.reflect.DelegatingConstructorAccessorImpl.newInstance(Unknown Source)at java.base/java.lang.reflect.Constructor.newInstance(Unknown Source)at org.openqa.selenium.remote.ErrorHandler.createThrowable(ErrorHandler.java:216)at org.openqa.selenium.remote.ErrorHandler.throwIfResponseFailed(ErrorHandler.java:168)at org.openqa.selenium.remote.RemoteWebDriver.execute(RemoteWebDriver.java:635)at org.openqa.selenium.remote.RemoteWebElement.execute(RemoteWebElement.java:274)at org.openqa.selenium.remote.RemoteWebElement.click(RemoteWebElement.java:84)at java.base/jdk.internal.reflect.NativeMethodAccessorImpl.invoke0(Native Method)at java.base/jdk.internal.reflect.NativeMethodAccessorImpl.invoke(Unknown Source)at java.base/jdk.internal.reflect.DelegatingMethodAccessorImpl.invoke(Unknown Source)at java.base/java.lang.reflect.Method.invoke(Unknown Source)at org.openqa.selenium.support.pagefactory.internal.LocatingElementHandler.invoke(LocatingElementHandler.java:51)at com.sun.proxy.$Proxy11.click(Unknown Source)at OrdersTestcases.EditOrderProduct_Instructions.OrderProductInstructions(EditOrderProduct_Instructions.java:26)at Master.OrdersExecution.EditOrder_Instructions(OrdersExecution.java:148)at java.base/jdk.internal.reflect.NativeMethodAccessorImpl.invoke0(Native Method)at java.base/jdk.internal.reflect.NativeMethodAccessorImpl.invoke(Unknown Source)at java.base/jdk.internal.reflect.DelegatingMethodAccessorImpl.invoke(Unknown Source)at java.base/java.lang.reflect.Method.invoke(Unknown Source)at org.testng.internal.MethodInvocationHelper.invokeMethod(MethodInvocationHelper.java:124)at org.testng.internal.Invoker.invokeMethod(Invoker.java:571)at org.testng.internal.Invoker.invokeTestMethod(Invoker.java:707)at org.testng.internal.Invoker.invokeTestMethods(Invoker.java:979)at org.testng.internal.TestMethodWorker.invokeTestMethods(TestMethodWorker.java:125)at org.testng.internal.TestMethodWorker.run(TestMethodWorker.java:109)at org.testng.TestRunner.privateRun(TestRunner.java:648)at org.testng.TestRunner.run(TestRunner.java:505)at org.testng.SuiteRunner.runTest(SuiteRunner.java:455)at org.testng.SuiteRunner.runSequentially(SuiteRunner.java:450)at org.testng.SuiteRunner.privateRun(SuiteRunner.java:415)at org.testng.SuiteRunner.run(SuiteRunner.java:364)at org.testng.SuiteRunnerWorker.runSuite(SuiteRunnerWorker.java:52)at org.testng.SuiteRunnerWorker.run(SuiteRunnerWorker.java:84)at org.testng.TestNG.runSuitesSequentially(TestNG.java:1187)at org.testng.TestNG.runSuitesLocally(TestNG.java:1116)at org.testng.TestNG.runSuites(TestNG.java:1028)at org.testng.TestNG.run(TestNG.java:996)at org.testng.remote.AbstractRemoteTestNG.run(AbstractRemoteTestNG.java:114)at org.testng.remote.RemoteTestNG.initAndRun(RemoteTestNG.java:251)at org.testng.remote.RemoteTestNG.main(RemoteTestNG.java:77)]]>
    </error>
  </testcase> <!-- EditOrder_Instructions -->
  <testcase classname="OrdersTestcases.EditOrderProduct_Decoration" name="Settings_SalesTaxConfig" time="0.000">
    <skipped/>
  </testcase> <!-- Settings_SalesTaxConfig -->
  <testcase classname="OrdersTestcases.EditOrderProduct_Decoration" name="ManualSalesTaxCalculation" time="0.000">
    <skipped/>
  </testcase> <!-- ManualSalesTaxCalculation -->
  <testcase classname="OrdersTestcases.EditOrderProduct_Decoration" name="Service" time="0.000">
    <skipped/>
  </testcase> <!-- Service -->
  <testcase classname="OrdersTestcases.EditOrderProduct_Decoration" name="Settings_ShippingTaxConfig" time="0.000">
    <skipped/>
  </testcase> <!-- Settings_ShippingTaxConfig -->
  <testcase classname="OrdersTestcases.EditOrderProduct_Decoration" name="Settings_ShippingTaxCalculationVerify" time="0.000">
    <skipped/>
  </testcase> <!-- Settings_ShippingTaxCalculationVerify -->
  <testcase classname="OrdersTestcases.EditOrderProduct_Decoration" name="TaxCalculationWithServiceTypeCredit" time="0.000">
    <skipped/>
  </testcase> <!-- TaxCalculationWithServiceTypeCredit -->
  <testcase classname="OrdersTestcases.EditOrderProduct_Decoration" name="MultiShippingAddress" time="0.000">
    <skipped/>
  </testcase> <!-- MultiShippingAddress -->
  <testcase classname="OrdersTestcases.EditOrderProduct_Decoration" name="SplitShipment" time="0.000">
    <skipped/>
  </testcase> <!-- SplitShipment -->
  <testcase classname="OrdersTestcases.EditOrderProduct_Decoration" name="AddShipmentAddress_WithDifferentDecoratorCompany" time="0.000">
    <skipped/>
  </testcase> <!-- AddShipmentAddress_WithDifferentDecoratorCompany -->
  <testcase classname="OrdersTestcases.EditOrderProduct_Decoration" name="BlindShip_WithConfirmation" time="0.000">
    <skipped/>
  </testcase> <!-- BlindShip_WithConfirmation -->
  <testcase classname="OrdersTestcases.EditOrderProduct_Decoration" name="PurchaseOrder_PreviewWithDownload" time="0.000">
    <skipped/>
  </testcase> <!-- PurchaseOrder_PreviewWithDownload -->
  <testcase classname="OrdersTestcases.EditOrderProduct_Decoration" name="SalesOrder_PreviewWithDownload" time="0.000">
    <skipped/>
  </testcase> <!-- SalesOrder_PreviewWithDownload -->
  <testcase classname="OrdersTestcases.EditOrderProduct_Decoration" name="AcknowledgementDoc" time="0.000">
    <skipped/>
  </testcase> <!-- AcknowledgementDoc -->
  <testcase classname="OrdersTestcases.EditOrderProduct_Decoration" name="OrderlevelDownload" time="0.000">
    <skipped/>
  </testcase> <!-- OrderlevelDownload -->
  <testcase classname="OrdersTestcases.EditOrderProduct_Decoration" name="OrderFromWESP_Search" time="0.000">
    <skipped/>
  </testcase> <!-- OrderFromWESP_Search -->
  <testcase classname="OrdersTestcases.EditOrderProduct_Decoration" name="OrderFromWESP_HoveringProduct" time="0.000">
    <skipped/>
  </testcase> <!-- OrderFromWESP_HoveringProduct -->
  <testcase classname="OrdersTestcases.EditOrderProduct_Decoration" name="OrderFromWESP_QuickInfoProduct" time="0.000">
    <skipped/>
  </testcase> <!-- OrderFromWESP_QuickInfoProduct -->
  <testcase classname="OrdersTestcases.EditOrderProduct_Decoration" name="OrderFromWESP_Compare" time="0.000">
    <skipped/>
  </testcase> <!-- OrderFromWESP_Compare -->
  <testcase classname="OrdersTestcases.EditOrderProduct_Decoration" name="OrderFromWESP_Project" time="0.000">
    <skipped/>
  </testcase> <!-- OrderFromWESP_Project -->
  <testcase classname="OrdersTestcases.EditOrderProduct_Decoration" name="OrderFromIDAHO_Projects" time="0.000">
    <skipped/>
  </testcase> <!-- OrderFromIDAHO_Projects -->
  <testcase classname="OrdersTestcases.EditOrderProduct_Decoration" name="OrderFromWESP_With_CandianProduct" time="0.000">
    <skipped/>
  </testcase> <!-- OrderFromWESP_With_CandianProduct -->
  <testcase classname="OrdersTestcases.EditOrderProduct_Decoration" name="OrderFromWESP_From_CreatePresentation_OrderCreation" time="0.000">
    <skipped/>
  </testcase> <!-- OrderFromWESP_From_CreatePresentation_OrderCreation -->
  <testcase classname="OrdersTestcases.EditOrderProduct_Decoration" name="OrderCreation_ThroughShoppingCart_Idaho" time="0.000">
    <skipped/>
  </testcase> <!-- OrderCreation_ThroughShoppingCart_Idaho -->
  <testcase classname="OrdersTestcases.EditOrderProduct_Decoration" name="OrderCreation_ThroughShoppingCart_WESP" time="0.000">
    <skipped/>
  </testcase> <!-- OrderCreation_ThroughShoppingCart_WESP -->
  <testcase classname="OrdersTestcases.EditOrderProduct_Decoration" name="OrderCreation_FromClipBoard_WESP" time="0.000">
    <skipped/>
  </testcase> <!-- OrderCreation_FromClipBoard_WESP -->
  <testcase classname="OrdersTestcases.EditOrderProduct_Decoration" name="QuoteCreation_FromClipBoard_WESP" time="0.000">
    <skipped/>
  </testcase> <!-- QuoteCreation_FromClipBoard_WESP -->
  <testcase classname="OrdersTestcases.EditOrderProduct_Decoration" name="WESPOrder_SafeModeActive" time="0.000">
    <skipped/>
  </testcase> <!-- WESPOrder_SafeModeActive -->
</testsuite> <!-- OrdersTestcases.EditOrderProduct_Decoration -->
