<?xml version="1.0" encoding="UTF-8"?>
<!-- Generated by org.testng.reporters.JUnitReportReporter -->
<testsuite hostname="MACPK-WKS-0132" failures="0" tests="26" name="OrdersTestcases.CreateQuote" time="1658.223" errors="1" timestamp="02 Aug 2018 09:29:38 GMT" skipped="0">
  <testcase classname="OrdersTestcases.CreateQuote" name="LoginApp" time="22.003"/>
  <testcase classname="OrdersTestcases.CreateQuote" name="Settings_AutomaticSalesTaxChecked" time="38.928"/>
  <testcase classname="OrdersTestcases.CreateQuote" name="Order_Deletion" time="70.827"/>
  <testcase classname="OrdersTestcases.CreateQuote" name="CreateQuote" time="78.258"/>
  <testcase classname="OrdersTestcases.CreateQuote" name="CreateOrder_FromQuote" time="50.837"/>
  <testcase classname="OrdersTestcases.CreateQuote" name="EnterpaymentWithInvoiceDelete" time="70.029"/>
  <testcase classname="OrdersTestcases.CreateQuote" name="CreateInvoice" time="60.328"/>
  <testcase classname="OrdersTestcases.CreateQuote" name="CreateOrder" time="127.431"/>
  <testcase classname="OrdersTestcases.CreateQuote" name="EditOrder_Config" time="25.826"/>
  <testcase classname="OrdersTestcases.CreateQuote" name="EditOrder_Decoration" time="144.675"/>
  <testcase classname="OrdersTestcases.CreateQuote" name="EditOrder_Instructions" time="57.264"/>
  <testcase classname="OrdersTestcases.CreateQuote" name="Settings_SalesTaxConfig" time="10.138"/>
  <testcase classname="OrdersTestcases.CreateQuote" name="ManualSalesTaxCalculation" time="47.030"/>
  <testcase classname="OrdersTestcases.CreateQuote" name="Service" time="20.623"/>
  <testcase classname="OrdersTestcases.CreateQuote" name="Settings_ShippingTaxConfig" time="60.888"/>
  <testcase classname="OrdersTestcases.CreateQuote" name="Settings_ShippingTaxCalculationVerify" time="18.734"/>
  <testcase classname="OrdersTestcases.CreateQuote" name="TaxCalculationWithServiceTypeCredit" time="77.137"/>
  <testcase classname="OrdersTestcases.CreateQuote" name="MultiShippingAddress" time="20.505"/>
  <testcase classname="OrdersTestcases.CreateQuote" name="SplitShipment" time="57.986"/>
  <testcase classname="OrdersTestcases.CreateQuote" name="AddShipmentAddress_WithDifferentDecoratorCompany" time="67.979"/>
  <testcase classname="OrdersTestcases.CreateQuote" name="BlindShip_WithConfirmation" time="24.537"/>
  <testcase classname="OrdersTestcases.CreateQuote" name="PurchaseOrder_PreviewWithDownload" time="117.118"/>
  <testcase classname="OrdersTestcases.CreateQuote" name="SalesOrder_PreviewWithDownload" time="92.933"/>
  <testcase classname="OrdersTestcases.CreateQuote" name="AcknowledgementDoc" time="103.095"/>
  <testcase classname="OrdersTestcases.CreateQuote" name="OrderlevelDownload" time="74.988"/>
  <testcase classname="OrdersTestcases.CreateQuote" name="CreateOrderwhenAddressnotmatching" time="118.126">
    <error message="element not visible
  (Session info: chrome=68.0.3440.84)
  (Driver info: chromedriver=2.40.565498 (ea082db3280dd6843ebfb08a625e3eb905c4f5ab),platform=Windows NT 10.0.17134 x86_64) (WARNING: The server did not provide any stacktrace information)
Command duration or timeout: 21 milliseconds
Build info: version: &#039;unknown&#039;, revision: &#039;1969d75&#039;, time: &#039;2016-10-18 09:43:45 -0700&#039;
System info: host: &#039;MACPK-WKS-0132&#039;, ip: &#039;192.168.8.158&#039;, os.name: &#039;Windows 10&#039;, os.arch: &#039;amd64&#039;, os.version: &#039;10.0&#039;, java.version: &#039;10.0.1&#039;
Driver info: org.openqa.selenium.chrome.ChromeDriver
Capabilities [{applicationCacheEnabled=false, rotatable=false, mobileEmulationEnabled=false, networkConnectionEnabled=false, chrome={chromedriverVersion=2.40.565498 (ea082db3280dd6843ebfb08a625e3eb905c4f5ab), userDataDir=C:\Users\MUHAMM~1.IFT\AppData\Local\Temp\scoped_dir15880_2316}, takesHeapSnapshot=true, pageLoadStrategy=normal, databaseEnabled=false, handlesAlerts=true, hasTouchScreen=false, version=68.0.3440.84, platform=XP, browserConnectionEnabled=false, nativeEvents=true, acceptSslCerts=false, acceptInsecureCerts=false, locationContextEnabled=true, webStorageEnabled=true, browserName=chrome, takesScreenshot=true, javascriptEnabled=true, cssSelectorsEnabled=true, setWindowRect=true, unexpectedAlertBehaviour=}]
Session ID: 1ad5665b6d940d925756584c2451d90c" type="org.openqa.selenium.ElementNotVisibleException">
      <![CDATA[org.openqa.selenium.ElementNotVisibleException: element not visible
  (Session info: chrome=68.0.3440.84)
  (Driver info: chromedriver=2.40.565498 (ea082db3280dd6843ebfb08a625e3eb905c4f5ab),platform=Windows NT 10.0.17134 x86_64) (WARNING: The server did not provide any stacktrace information)
Command duration or timeout: 21 milliseconds
Build info: version: 'unknown', revision: '1969d75', time: '2016-10-18 09:43:45 -0700'
System info: host: 'MACPK-WKS-0132', ip: '192.168.8.158', os.name: 'Windows 10', os.arch: 'amd64', os.version: '10.0', java.version: '10.0.1'
Driver info: org.openqa.selenium.chrome.ChromeDriver
Capabilities [{applicationCacheEnabled=false, rotatable=false, mobileEmulationEnabled=false, networkConnectionEnabled=false, chrome={chromedriverVersion=2.40.565498 (ea082db3280dd6843ebfb08a625e3eb905c4f5ab), userDataDir=C:\Users\MUHAMM~1.IFT\AppData\Local\Temp\scoped_dir15880_2316}, takesHeapSnapshot=true, pageLoadStrategy=normal, databaseEnabled=false, handlesAlerts=true, hasTouchScreen=false, version=68.0.3440.84, platform=XP, browserConnectionEnabled=false, nativeEvents=true, acceptSslCerts=false, acceptInsecureCerts=false, locationContextEnabled=true, webStorageEnabled=true, browserName=chrome, takesScreenshot=true, javascriptEnabled=true, cssSelectorsEnabled=true, setWindowRect=true, unexpectedAlertBehaviour=}]
Session ID: 1ad5665b6d940d925756584c2451d90c
at java.base/jdk.internal.reflect.NativeConstructorAccessorImpl.newInstance0(Native Method)
at java.base/jdk.internal.reflect.NativeConstructorAccessorImpl.newInstance(NativeConstructorAccessorImpl.java:62)
at java.base/jdk.internal.reflect.DelegatingConstructorAccessorImpl.newInstance(DelegatingConstructorAccessorImpl.java:45)
at java.base/java.lang.reflect.Constructor.newInstance(Constructor.java:488)
at org.openqa.selenium.remote.ErrorHandler.createThrowable(ErrorHandler.java:216)
at org.openqa.selenium.remote.ErrorHandler.throwIfResponseFailed(ErrorHandler.java:168)
at org.openqa.selenium.remote.RemoteWebDriver.execute(RemoteWebDriver.java:635)
at org.openqa.selenium.remote.RemoteWebElement.execute(RemoteWebElement.java:274)
at org.openqa.selenium.remote.RemoteWebElement.click(RemoteWebElement.java:84)
at jdk.internal.reflect.GeneratedMethodAccessor1.invoke(Unknown Source)
at java.base/jdk.internal.reflect.DelegatingMethodAccessorImpl.invoke(DelegatingMethodAccessorImpl.java:43)
at java.base/java.lang.reflect.Method.invoke(Method.java:564)
at org.openqa.selenium.support.pagefactory.internal.LocatingElementHandler.invoke(LocatingElementHandler.java:51)
at com.sun.proxy.$Proxy11.click(Unknown Source)
at OrdersTestcases.CreateOrderwhenAddressnotmatching.CreateOrderAddressnotmatching(CreateOrderwhenAddressnotmatching.java:296)
at Master.OrdersExecution.CreateOrderwhenAddressnotmatching(OrdersExecution.java:217)
at java.base/jdk.internal.reflect.NativeMethodAccessorImpl.invoke0(Native Method)
at java.base/jdk.internal.reflect.NativeMethodAccessorImpl.invoke(NativeMethodAccessorImpl.java:62)
at java.base/jdk.internal.reflect.DelegatingMethodAccessorImpl.invoke(DelegatingMethodAccessorImpl.java:43)
at java.base/java.lang.reflect.Method.invoke(Method.java:564)
at org.testng.internal.MethodInvocationHelper.invokeMethod(MethodInvocationHelper.java:124)
at org.testng.internal.Invoker.invokeMethod(Invoker.java:583)
at org.testng.internal.Invoker.invokeTestMethod(Invoker.java:719)
at org.testng.internal.Invoker.invokeTestMethods(Invoker.java:989)
at org.testng.internal.TestMethodWorker.invokeTestMethods(TestMethodWorker.java:125)
at org.testng.internal.TestMethodWorker.run(TestMethodWorker.java:109)
at org.testng.TestRunner.privateRun(TestRunner.java:648)
at org.testng.TestRunner.run(TestRunner.java:505)
at org.testng.SuiteRunner.runTest(SuiteRunner.java:455)
at org.testng.SuiteRunner.runSequentially(SuiteRunner.java:450)
at org.testng.SuiteRunner.privateRun(SuiteRunner.java:415)
at org.testng.SuiteRunner.run(SuiteRunner.java:364)
at org.testng.SuiteRunnerWorker.runSuite(SuiteRunnerWorker.java:52)
at org.testng.SuiteRunnerWorker.run(SuiteRunnerWorker.java:84)
at org.testng.TestNG.runSuitesSequentially(TestNG.java:1208)
at org.testng.TestNG.runSuitesLocally(TestNG.java:1137)
at org.testng.TestNG.runSuites(TestNG.java:1049)
at org.testng.TestNG.run(TestNG.java:1017)
at org.testng.remote.AbstractRemoteTestNG.run(AbstractRemoteTestNG.java:114)
at org.testng.remote.RemoteTestNG.initAndRun(RemoteTestNG.java:251)
at org.testng.remote.RemoteTestNG.main(RemoteTestNG.java:77)
]]>
    </error>
  </testcase> <!-- CreateOrderwhenAddressnotmatching -->
</testsuite> <!-- OrdersTestcases.CreateQuote -->
