<?xml version="1.0" encoding="UTF-8"?>
<!-- Generated by org.testng.reporters.JUnitReportReporter -->
<testsuite hostname="MACPK-WKS-0132" failures="0" tests="14" name="OrdersTestcases.OrderFromWESP_ThroughSearch" time="738.573" errors="6" timestamp="12 May 2018 04:00:21 GMT" skipped="0">
  <testcase classname="OrdersTestcases.OrderFromWESP_ThroughSearch" name="LoginApp" time="15.125"/>
  <testcase classname="OrdersTestcases.OrderFromWESP_ThroughSearch" name="OrderFromWESP_Search" time="205.481"/>
  <testcase classname="OrdersTestcases.OrderFromWESP_ThroughSearch" name="OrderFromWESP_HoveringProduct" time="2.149">
    <error message="unknown error: Element &lt;a href=&quot;/login/Account/Redirector/?token=ZnJvbUFwcENvZGU9MDhONCZ0b2tlbj1leUpoYkdjaU9pSlNVMEV0VDBGRlVDSXNJbVZ1WXlJNklrRXlOVFpIUTAwaUxDSnJaWGxwWkNJNklqQTRUalFpZlEuWW45TndKcFltbHN2U0hVX2o4WEg5eE5keHBQS0p2SGRZMW10eVUzNzYwRjdsSTNCUURPRVRYQ1d5amkyOEJqSWJDQ2lVRXlSeklidjRlSlZOZ2ptanlEb2pBY2NkZTJPZmtfbVNvUlg3VFZacmloNzF5dmlWa3Z2a0wwMHp1RExKZG9fRTVPaTFYWHJFRXVVX0ZwOXg1WXIzMVFoYVhFMHdIQmtGeUFFandrLm5WN190RVVQOUluRENQUUQudEJtZ0QycUlobUJkTWMySjJOcXJhaF9ybUNoRDM4S3pnZVBLZmxNTURfd2xaVXJyMDVlSjZ3TUJ2ZHAxZDV5QTdTdTVTTElBRW1BMWlwYVBobVV3OHBDb3hhVnc2Y3JmTkJJRUJwUWM1QWcyY2pvQmNuazQwRG1OYnMwel9MN1NFOEROTV8xdFkwRkRiZ2tzNGtRc1ZhVzFzRElrWkI1SC1LbVJpd2VoaHlLcmJJc2VNeEExcnVhbTJyaGF4bTYxd0VocldxeW5wTi1iRDlUY1FUTzQ0QTUzdHdUTmh0a0FrUWItZ2E3LUkwOEx1Uk9aTWtkbGtsYlNxVHBwdFZ2MHRuM1pyWllhQzJNOHZfVG1BV1Y2c0s5OUZUYWZEQ2wzVElxT1lOU1htVmJ6aTBqOXdsaVdaYUJrNGdSNEp3NzJDYmZGUnhUbDA1UEZzSzJiXzlySUZIZVJBLXo2ZVcwQks4bmx1X29GVlYzdURyZzJBcWVxZTJUeGp4WVpDNEFwVjBpMmVEWk1lN01PMi1DVk55RF9zR2VWd0Z2QnpLV05mc0Q5NG9ZUmVrMzR3TlY4SnlYM3dxR3NnNWRLVXk4MkVuWENLaGlJQXBmcDdaMnhKM2RtOC1sZjlVN3k0bFktcEdoN3NDS0w5d3haQlhScGRsMTdWRExTSWg2Znk5SlV4eDdBVUJ6WGh4a0ZFdXVLR09FQVF6cWtzTGsuV1g3U1J6OGYycjBEZFhQS3A4c3dEZyZleHRndWlkPWIxMWE3YmZkLTA1ZjQtNGI5OC1hNTM1LTg1ZDkyMDM1Y2Y3ZCZ0b0FwcENvZGU9V0VTUA2&quot; target=&quot;_self&quot;&gt;...&lt;/a&gt; is not clickable at point (265, 23). Other element would receive the click: &lt;h4 class=&quot;ellipsis ng-binding&quot;&gt;...&lt;/h4&gt;
  (Session info: chrome=66.0.3359.139)
  (Driver info: chromedriver=2.36.540470 (e522d04694c7ebea4ba8821272dbef4f9b818c91),platform=Windows NT 10.0.16299 x86_64) (WARNING: The server did not provide any stacktrace information)
Command duration or timeout: 69 milliseconds
Build info: version: &#039;unknown&#039;, revision: &#039;1969d75&#039;, time: &#039;2016-10-18 09:43:45 -0700&#039;
System info: host: &#039;MACPK-WKS-0132&#039;, ip: &#039;172.25.174.220&#039;, os.name: &#039;Windows 10&#039;, os.arch: &#039;amd64&#039;, os.version: &#039;10.0&#039;, java.version: &#039;9.0.4&#039;
Driver info: org.openqa.selenium.chrome.ChromeDriver
Capabilities [{applicationCacheEnabled=false, rotatable=false, mobileEmulationEnabled=false, networkConnectionEnabled=false, chrome={chromedriverVersion=2.36.540470 (e522d04694c7ebea4ba8821272dbef4f9b818c91), userDataDir=C:\Users\MUHAMM~1.IFT\AppData\Local\Temp\scoped_dir6672_18304}, takesHeapSnapshot=true, pageLoadStrategy=normal, databaseEnabled=false, handlesAlerts=true, hasTouchScreen=false, version=66.0.3359.139, platform=XP, browserConnectionEnabled=false, nativeEvents=true, acceptSslCerts=false, acceptInsecureCerts=false, locationContextEnabled=true, webStorageEnabled=true, browserName=chrome, takesScreenshot=true, javascriptEnabled=true, cssSelectorsEnabled=true, setWindowRect=true, unexpectedAlertBehaviour=}]
Session ID: dc0bb95a27b85ca789424894a5d4f40b" type="org.openqa.selenium.WebDriverException">
      <![CDATA[org.openqa.selenium.WebDriverException: unknown error: Element <a href="/login/Account/Redirector/?token=ZnJvbUFwcENvZGU9MDhONCZ0b2tlbj1leUpoYkdjaU9pSlNVMEV0VDBGRlVDSXNJbVZ1WXlJNklrRXlOVFpIUTAwaUxDSnJaWGxwWkNJNklqQTRUalFpZlEuWW45TndKcFltbHN2U0hVX2o4WEg5eE5keHBQS0p2SGRZMW10eVUzNzYwRjdsSTNCUURPRVRYQ1d5amkyOEJqSWJDQ2lVRXlSeklidjRlSlZOZ2ptanlEb2pBY2NkZTJPZmtfbVNvUlg3VFZacmloNzF5dmlWa3Z2a0wwMHp1RExKZG9fRTVPaTFYWHJFRXVVX0ZwOXg1WXIzMVFoYVhFMHdIQmtGeUFFandrLm5WN190RVVQOUluRENQUUQudEJtZ0QycUlobUJkTWMySjJOcXJhaF9ybUNoRDM4S3pnZVBLZmxNTURfd2xaVXJyMDVlSjZ3TUJ2ZHAxZDV5QTdTdTVTTElBRW1BMWlwYVBobVV3OHBDb3hhVnc2Y3JmTkJJRUJwUWM1QWcyY2pvQmNuazQwRG1OYnMwel9MN1NFOEROTV8xdFkwRkRiZ2tzNGtRc1ZhVzFzRElrWkI1SC1LbVJpd2VoaHlLcmJJc2VNeEExcnVhbTJyaGF4bTYxd0VocldxeW5wTi1iRDlUY1FUTzQ0QTUzdHdUTmh0a0FrUWItZ2E3LUkwOEx1Uk9aTWtkbGtsYlNxVHBwdFZ2MHRuM1pyWllhQzJNOHZfVG1BV1Y2c0s5OUZUYWZEQ2wzVElxT1lOU1htVmJ6aTBqOXdsaVdaYUJrNGdSNEp3NzJDYmZGUnhUbDA1UEZzSzJiXzlySUZIZVJBLXo2ZVcwQks4bmx1X29GVlYzdURyZzJBcWVxZTJUeGp4WVpDNEFwVjBpMmVEWk1lN01PMi1DVk55RF9zR2VWd0Z2QnpLV05mc0Q5NG9ZUmVrMzR3TlY4SnlYM3dxR3NnNWRLVXk4MkVuWENLaGlJQXBmcDdaMnhKM2RtOC1sZjlVN3k0bFktcEdoN3NDS0w5d3haQlhScGRsMTdWRExTSWg2Znk5SlV4eDdBVUJ6WGh4a0ZFdXVLR09FQVF6cWtzTGsuV1g3U1J6OGYycjBEZFhQS3A4c3dEZyZleHRndWlkPWIxMWE3YmZkLTA1ZjQtNGI5OC1hNTM1LTg1ZDkyMDM1Y2Y3ZCZ0b0FwcENvZGU9V0VTUA2" target="_self">...</a> is not clickable at point (265, 23). Other element would receive the click: <h4 class="ellipsis ng-binding">...</h4>  (Session info: chrome=66.0.3359.139)  (Driver info: chromedriver=2.36.540470 (e522d04694c7ebea4ba8821272dbef4f9b818c91),platform=Windows NT 10.0.16299 x86_64) (WARNING: The server did not provide any stacktrace information)Command duration or timeout: 69 millisecondsBuild info: version: 'unknown', revision: '1969d75', time: '2016-10-18 09:43:45 -0700'System info: host: 'MACPK-WKS-0132', ip: '172.25.174.220', os.name: 'Windows 10', os.arch: 'amd64', os.version: '10.0', java.version: '9.0.4'Driver info: org.openqa.selenium.chrome.ChromeDriverCapabilities [{applicationCacheEnabled=false, rotatable=false, mobileEmulationEnabled=false, networkConnectionEnabled=false, chrome={chromedriverVersion=2.36.540470 (e522d04694c7ebea4ba8821272dbef4f9b818c91), userDataDir=C:\Users\MUHAMM~1.IFT\AppData\Local\Temp\scoped_dir6672_18304}, takesHeapSnapshot=true, pageLoadStrategy=normal, databaseEnabled=false, handlesAlerts=true, hasTouchScreen=false, version=66.0.3359.139, platform=XP, browserConnectionEnabled=false, nativeEvents=true, acceptSslCerts=false, acceptInsecureCerts=false, locationContextEnabled=true, webStorageEnabled=true, browserName=chrome, takesScreenshot=true, javascriptEnabled=true, cssSelectorsEnabled=true, setWindowRect=true, unexpectedAlertBehaviour=}]Session ID: dc0bb95a27b85ca789424894a5d4f40bat java.base/jdk.internal.reflect.NativeConstructorAccessorImpl.newInstance0(Native Method)at java.base/jdk.internal.reflect.NativeConstructorAccessorImpl.newInstance(Unknown Source)at java.base/jdk.internal.reflect.DelegatingConstructorAccessorImpl.newInstance(Unknown Source)at java.base/java.lang.reflect.Constructor.newInstance(Unknown Source)at org.openqa.selenium.remote.ErrorHandler.createThrowable(ErrorHandler.java:216)at org.openqa.selenium.remote.ErrorHandler.throwIfResponseFailed(ErrorHandler.java:168)at org.openqa.selenium.remote.RemoteWebDriver.execute(RemoteWebDriver.java:635)at org.openqa.selenium.remote.RemoteWebElement.execute(RemoteWebElement.java:274)at org.openqa.selenium.remote.RemoteWebElement.click(RemoteWebElement.java:84)at java.base/jdk.internal.reflect.NativeMethodAccessorImpl.invoke0(Native Method)at java.base/jdk.internal.reflect.NativeMethodAccessorImpl.invoke(Unknown Source)at java.base/jdk.internal.reflect.DelegatingMethodAccessorImpl.invoke(Unknown Source)at java.base/java.lang.reflect.Method.invoke(Unknown Source)at org.openqa.selenium.support.pagefactory.internal.LocatingElementHandler.invoke(LocatingElementHandler.java:51)at com.sun.proxy.$Proxy11.click(Unknown Source)at OrdersTestcases.OrderFromWESP_ThroughHovering_ProductSearched.OrderFromWESP_WithHoveringProduct(OrderFromWESP_ThroughHovering_ProductSearched.java:43)at Master.OrdersExecution.OrderFromWESP_HoveringProduct(OrdersExecution.java:245)at java.base/jdk.internal.reflect.NativeMethodAccessorImpl.invoke0(Native Method)at java.base/jdk.internal.reflect.NativeMethodAccessorImpl.invoke(Unknown Source)at java.base/jdk.internal.reflect.DelegatingMethodAccessorImpl.invoke(Unknown Source)at java.base/java.lang.reflect.Method.invoke(Unknown Source)at org.testng.internal.MethodInvocationHelper.invokeMethod(MethodInvocationHelper.java:124)at org.testng.internal.Invoker.invokeMethod(Invoker.java:571)at org.testng.internal.Invoker.invokeTestMethod(Invoker.java:707)at org.testng.internal.Invoker.invokeTestMethods(Invoker.java:979)at org.testng.internal.TestMethodWorker.invokeTestMethods(TestMethodWorker.java:125)at org.testng.internal.TestMethodWorker.run(TestMethodWorker.java:109)at org.testng.TestRunner.privateRun(TestRunner.java:648)at org.testng.TestRunner.run(TestRunner.java:505)at org.testng.SuiteRunner.runTest(SuiteRunner.java:455)at org.testng.SuiteRunner.runSequentially(SuiteRunner.java:450)at org.testng.SuiteRunner.privateRun(SuiteRunner.java:415)at org.testng.SuiteRunner.run(SuiteRunner.java:364)at org.testng.SuiteRunnerWorker.runSuite(SuiteRunnerWorker.java:52)at org.testng.SuiteRunnerWorker.run(SuiteRunnerWorker.java:84)at org.testng.TestNG.runSuitesSequentially(TestNG.java:1187)at org.testng.TestNG.runSuitesLocally(TestNG.java:1116)at org.testng.TestNG.runSuites(TestNG.java:1028)at org.testng.TestNG.run(TestNG.java:996)at org.testng.remote.AbstractRemoteTestNG.run(AbstractRemoteTestNG.java:114)at org.testng.remote.RemoteTestNG.initAndRun(RemoteTestNG.java:251)at org.testng.remote.RemoteTestNG.main(RemoteTestNG.java:77)]]>
    </error>
  </testcase> <!-- OrderFromWESP_HoveringProduct -->
  <testcase classname="OrdersTestcases.OrderFromWESP_ThroughSearch" name="OrderFromWESP_QuickInfoProduct" time="60.044"/>
  <testcase classname="OrdersTestcases.OrderFromWESP_ThroughSearch" name="OrderFromWESP_Compare" time="60.038"/>
  <testcase classname="OrdersTestcases.OrderFromWESP_ThroughSearch" name="OrderFromWESP_Project" time="60.025"/>
  <testcase classname="OrdersTestcases.OrderFromWESP_ThroughSearch" name="OrderFromIDAHO_Projects" time="0.070">
    <error message="unknown error: Element &lt;a ui-sref=&quot;orders.list&quot; href=&quot;/orders&quot;&gt;...&lt;/a&gt; is not clickable at point (515, 23). Other element would receive the click: &lt;h4 class=&quot;ellipsis ng-binding&quot;&gt;...&lt;/h4&gt;
  (Session info: chrome=66.0.3359.139)
  (Driver info: chromedriver=2.36.540470 (e522d04694c7ebea4ba8821272dbef4f9b818c91),platform=Windows NT 10.0.16299 x86_64) (WARNING: The server did not provide any stacktrace information)
Command duration or timeout: 38 milliseconds
Build info: version: &#039;unknown&#039;, revision: &#039;1969d75&#039;, time: &#039;2016-10-18 09:43:45 -0700&#039;
System info: host: &#039;MACPK-WKS-0132&#039;, ip: &#039;172.25.174.220&#039;, os.name: &#039;Windows 10&#039;, os.arch: &#039;amd64&#039;, os.version: &#039;10.0&#039;, java.version: &#039;9.0.4&#039;
Driver info: org.openqa.selenium.chrome.ChromeDriver
Capabilities [{applicationCacheEnabled=false, rotatable=false, mobileEmulationEnabled=false, networkConnectionEnabled=false, chrome={chromedriverVersion=2.36.540470 (e522d04694c7ebea4ba8821272dbef4f9b818c91), userDataDir=C:\Users\MUHAMM~1.IFT\AppData\Local\Temp\scoped_dir6672_18304}, takesHeapSnapshot=true, pageLoadStrategy=normal, databaseEnabled=false, handlesAlerts=true, hasTouchScreen=false, version=66.0.3359.139, platform=XP, browserConnectionEnabled=false, nativeEvents=true, acceptSslCerts=false, acceptInsecureCerts=false, locationContextEnabled=true, webStorageEnabled=true, browserName=chrome, takesScreenshot=true, javascriptEnabled=true, cssSelectorsEnabled=true, setWindowRect=true, unexpectedAlertBehaviour=}]
Session ID: dc0bb95a27b85ca789424894a5d4f40b" type="org.openqa.selenium.WebDriverException">
      <![CDATA[org.openqa.selenium.WebDriverException: unknown error: Element <a ui-sref="orders.list" href="/orders">...</a> is not clickable at point (515, 23). Other element would receive the click: <h4 class="ellipsis ng-binding">...</h4>  (Session info: chrome=66.0.3359.139)  (Driver info: chromedriver=2.36.540470 (e522d04694c7ebea4ba8821272dbef4f9b818c91),platform=Windows NT 10.0.16299 x86_64) (WARNING: The server did not provide any stacktrace information)Command duration or timeout: 38 millisecondsBuild info: version: 'unknown', revision: '1969d75', time: '2016-10-18 09:43:45 -0700'System info: host: 'MACPK-WKS-0132', ip: '172.25.174.220', os.name: 'Windows 10', os.arch: 'amd64', os.version: '10.0', java.version: '9.0.4'Driver info: org.openqa.selenium.chrome.ChromeDriverCapabilities [{applicationCacheEnabled=false, rotatable=false, mobileEmulationEnabled=false, networkConnectionEnabled=false, chrome={chromedriverVersion=2.36.540470 (e522d04694c7ebea4ba8821272dbef4f9b818c91), userDataDir=C:\Users\MUHAMM~1.IFT\AppData\Local\Temp\scoped_dir6672_18304}, takesHeapSnapshot=true, pageLoadStrategy=normal, databaseEnabled=false, handlesAlerts=true, hasTouchScreen=false, version=66.0.3359.139, platform=XP, browserConnectionEnabled=false, nativeEvents=true, acceptSslCerts=false, acceptInsecureCerts=false, locationContextEnabled=true, webStorageEnabled=true, browserName=chrome, takesScreenshot=true, javascriptEnabled=true, cssSelectorsEnabled=true, setWindowRect=true, unexpectedAlertBehaviour=}]Session ID: dc0bb95a27b85ca789424894a5d4f40bat java.base/jdk.internal.reflect.NativeConstructorAccessorImpl.newInstance0(Native Method)at java.base/jdk.internal.reflect.NativeConstructorAccessorImpl.newInstance(Unknown Source)at java.base/jdk.internal.reflect.DelegatingConstructorAccessorImpl.newInstance(Unknown Source)at java.base/java.lang.reflect.Constructor.newInstance(Unknown Source)at org.openqa.selenium.remote.ErrorHandler.createThrowable(ErrorHandler.java:216)at org.openqa.selenium.remote.ErrorHandler.throwIfResponseFailed(ErrorHandler.java:168)at org.openqa.selenium.remote.RemoteWebDriver.execute(RemoteWebDriver.java:635)at org.openqa.selenium.remote.RemoteWebElement.execute(RemoteWebElement.java:274)at org.openqa.selenium.remote.RemoteWebElement.click(RemoteWebElement.java:84)at jdk.internal.reflect.GeneratedMethodAccessor1.invoke(Unknown Source)at java.base/jdk.internal.reflect.DelegatingMethodAccessorImpl.invoke(Unknown Source)at java.base/java.lang.reflect.Method.invoke(Unknown Source)at org.openqa.selenium.support.pagefactory.internal.LocatingElementHandler.invoke(LocatingElementHandler.java:51)at com.sun.proxy.$Proxy11.click(Unknown Source)at OrdersTestcases.OrderFromIdaho_ThroughProjects.OrderFromIDAHO_FromProjects(OrderFromIdaho_ThroughProjects.java:28)at Master.OrdersExecution.OrderFromIDAHO_Projects(OrdersExecution.java:270)at java.base/jdk.internal.reflect.NativeMethodAccessorImpl.invoke0(Native Method)at java.base/jdk.internal.reflect.NativeMethodAccessorImpl.invoke(Unknown Source)at java.base/jdk.internal.reflect.DelegatingMethodAccessorImpl.invoke(Unknown Source)at java.base/java.lang.reflect.Method.invoke(Unknown Source)at org.testng.internal.MethodInvocationHelper.invokeMethod(MethodInvocationHelper.java:124)at org.testng.internal.Invoker.invokeMethod(Invoker.java:571)at org.testng.internal.Invoker.invokeTestMethod(Invoker.java:707)at org.testng.internal.Invoker.invokeTestMethods(Invoker.java:979)at org.testng.internal.TestMethodWorker.invokeTestMethods(TestMethodWorker.java:125)at org.testng.internal.TestMethodWorker.run(TestMethodWorker.java:109)at org.testng.TestRunner.privateRun(TestRunner.java:648)at org.testng.TestRunner.run(TestRunner.java:505)at org.testng.SuiteRunner.runTest(SuiteRunner.java:455)at org.testng.SuiteRunner.runSequentially(SuiteRunner.java:450)at org.testng.SuiteRunner.privateRun(SuiteRunner.java:415)at org.testng.SuiteRunner.run(SuiteRunner.java:364)at org.testng.SuiteRunnerWorker.runSuite(SuiteRunnerWorker.java:52)at org.testng.SuiteRunnerWorker.run(SuiteRunnerWorker.java:84)at org.testng.TestNG.runSuitesSequentially(TestNG.java:1187)at org.testng.TestNG.runSuitesLocally(TestNG.java:1116)at org.testng.TestNG.runSuites(TestNG.java:1028)at org.testng.TestNG.run(TestNG.java:996)at org.testng.remote.AbstractRemoteTestNG.run(AbstractRemoteTestNG.java:114)at org.testng.remote.RemoteTestNG.initAndRun(RemoteTestNG.java:251)at org.testng.remote.RemoteTestNG.main(RemoteTestNG.java:77)]]>
    </error>
  </testcase> <!-- OrderFromIDAHO_Projects -->
  <testcase classname="OrdersTestcases.OrderFromWESP_ThroughSearch" name="OrderFromWESP_With_CandianProduct" time="0.064">
    <error message="unknown error: Element &lt;a href=&quot;/login/Account/Redirector/?token=ZnJvbUFwcENvZGU9MDhONCZ0b2tlbj1leUpoYkdjaU9pSlNVMEV0VDBGRlVDSXNJbVZ1WXlJNklrRXlOVFpIUTAwaUxDSnJaWGxwWkNJNklqQTRUalFpZlEuWW45TndKcFltbHN2U0hVX2o4WEg5eE5keHBQS0p2SGRZMW10eVUzNzYwRjdsSTNCUURPRVRYQ1d5amkyOEJqSWJDQ2lVRXlSeklidjRlSlZOZ2ptanlEb2pBY2NkZTJPZmtfbVNvUlg3VFZacmloNzF5dmlWa3Z2a0wwMHp1RExKZG9fRTVPaTFYWHJFRXVVX0ZwOXg1WXIzMVFoYVhFMHdIQmtGeUFFandrLm5WN190RVVQOUluRENQUUQudEJtZ0QycUlobUJkTWMySjJOcXJhaF9ybUNoRDM4S3pnZVBLZmxNTURfd2xaVXJyMDVlSjZ3TUJ2ZHAxZDV5QTdTdTVTTElBRW1BMWlwYVBobVV3OHBDb3hhVnc2Y3JmTkJJRUJwUWM1QWcyY2pvQmNuazQwRG1OYnMwel9MN1NFOEROTV8xdFkwRkRiZ2tzNGtRc1ZhVzFzRElrWkI1SC1LbVJpd2VoaHlLcmJJc2VNeEExcnVhbTJyaGF4bTYxd0VocldxeW5wTi1iRDlUY1FUTzQ0QTUzdHdUTmh0a0FrUWItZ2E3LUkwOEx1Uk9aTWtkbGtsYlNxVHBwdFZ2MHRuM1pyWllhQzJNOHZfVG1BV1Y2c0s5OUZUYWZEQ2wzVElxT1lOU1htVmJ6aTBqOXdsaVdaYUJrNGdSNEp3NzJDYmZGUnhUbDA1UEZzSzJiXzlySUZIZVJBLXo2ZVcwQks4bmx1X29GVlYzdURyZzJBcWVxZTJUeGp4WVpDNEFwVjBpMmVEWk1lN01PMi1DVk55RF9zR2VWd0Z2QnpLV05mc0Q5NG9ZUmVrMzR3TlY4SnlYM3dxR3NnNWRLVXk4MkVuWENLaGlJQXBmcDdaMnhKM2RtOC1sZjlVN3k0bFktcEdoN3NDS0w5d3haQlhScGRsMTdWRExTSWg2Znk5SlV4eDdBVUJ6WGh4a0ZFdXVLR09FQVF6cWtzTGsuV1g3U1J6OGYycjBEZFhQS3A4c3dEZyZleHRndWlkPWIxMWE3YmZkLTA1ZjQtNGI5OC1hNTM1LTg1ZDkyMDM1Y2Y3ZCZ0b0FwcENvZGU9V0VTUA2&quot; target=&quot;_self&quot;&gt;...&lt;/a&gt; is not clickable at point (265, 23). Other element would receive the click: &lt;h4 class=&quot;ellipsis ng-binding&quot;&gt;...&lt;/h4&gt;
  (Session info: chrome=66.0.3359.139)
  (Driver info: chromedriver=2.36.540470 (e522d04694c7ebea4ba8821272dbef4f9b818c91),platform=Windows NT 10.0.16299 x86_64) (WARNING: The server did not provide any stacktrace information)
Command duration or timeout: 38 milliseconds
Build info: version: &#039;unknown&#039;, revision: &#039;1969d75&#039;, time: &#039;2016-10-18 09:43:45 -0700&#039;
System info: host: &#039;MACPK-WKS-0132&#039;, ip: &#039;172.25.174.220&#039;, os.name: &#039;Windows 10&#039;, os.arch: &#039;amd64&#039;, os.version: &#039;10.0&#039;, java.version: &#039;9.0.4&#039;
Driver info: org.openqa.selenium.chrome.ChromeDriver
Capabilities [{applicationCacheEnabled=false, rotatable=false, mobileEmulationEnabled=false, networkConnectionEnabled=false, chrome={chromedriverVersion=2.36.540470 (e522d04694c7ebea4ba8821272dbef4f9b818c91), userDataDir=C:\Users\MUHAMM~1.IFT\AppData\Local\Temp\scoped_dir6672_18304}, takesHeapSnapshot=true, pageLoadStrategy=normal, databaseEnabled=false, handlesAlerts=true, hasTouchScreen=false, version=66.0.3359.139, platform=XP, browserConnectionEnabled=false, nativeEvents=true, acceptSslCerts=false, acceptInsecureCerts=false, locationContextEnabled=true, webStorageEnabled=true, browserName=chrome, takesScreenshot=true, javascriptEnabled=true, cssSelectorsEnabled=true, setWindowRect=true, unexpectedAlertBehaviour=}]
Session ID: dc0bb95a27b85ca789424894a5d4f40b" type="org.openqa.selenium.WebDriverException">
      <![CDATA[org.openqa.selenium.WebDriverException: unknown error: Element <a href="/login/Account/Redirector/?token=ZnJvbUFwcENvZGU9MDhONCZ0b2tlbj1leUpoYkdjaU9pSlNVMEV0VDBGRlVDSXNJbVZ1WXlJNklrRXlOVFpIUTAwaUxDSnJaWGxwWkNJNklqQTRUalFpZlEuWW45TndKcFltbHN2U0hVX2o4WEg5eE5keHBQS0p2SGRZMW10eVUzNzYwRjdsSTNCUURPRVRYQ1d5amkyOEJqSWJDQ2lVRXlSeklidjRlSlZOZ2ptanlEb2pBY2NkZTJPZmtfbVNvUlg3VFZacmloNzF5dmlWa3Z2a0wwMHp1RExKZG9fRTVPaTFYWHJFRXVVX0ZwOXg1WXIzMVFoYVhFMHdIQmtGeUFFandrLm5WN190RVVQOUluRENQUUQudEJtZ0QycUlobUJkTWMySjJOcXJhaF9ybUNoRDM4S3pnZVBLZmxNTURfd2xaVXJyMDVlSjZ3TUJ2ZHAxZDV5QTdTdTVTTElBRW1BMWlwYVBobVV3OHBDb3hhVnc2Y3JmTkJJRUJwUWM1QWcyY2pvQmNuazQwRG1OYnMwel9MN1NFOEROTV8xdFkwRkRiZ2tzNGtRc1ZhVzFzRElrWkI1SC1LbVJpd2VoaHlLcmJJc2VNeEExcnVhbTJyaGF4bTYxd0VocldxeW5wTi1iRDlUY1FUTzQ0QTUzdHdUTmh0a0FrUWItZ2E3LUkwOEx1Uk9aTWtkbGtsYlNxVHBwdFZ2MHRuM1pyWllhQzJNOHZfVG1BV1Y2c0s5OUZUYWZEQ2wzVElxT1lOU1htVmJ6aTBqOXdsaVdaYUJrNGdSNEp3NzJDYmZGUnhUbDA1UEZzSzJiXzlySUZIZVJBLXo2ZVcwQks4bmx1X29GVlYzdURyZzJBcWVxZTJUeGp4WVpDNEFwVjBpMmVEWk1lN01PMi1DVk55RF9zR2VWd0Z2QnpLV05mc0Q5NG9ZUmVrMzR3TlY4SnlYM3dxR3NnNWRLVXk4MkVuWENLaGlJQXBmcDdaMnhKM2RtOC1sZjlVN3k0bFktcEdoN3NDS0w5d3haQlhScGRsMTdWRExTSWg2Znk5SlV4eDdBVUJ6WGh4a0ZFdXVLR09FQVF6cWtzTGsuV1g3U1J6OGYycjBEZFhQS3A4c3dEZyZleHRndWlkPWIxMWE3YmZkLTA1ZjQtNGI5OC1hNTM1LTg1ZDkyMDM1Y2Y3ZCZ0b0FwcENvZGU9V0VTUA2" target="_self">...</a> is not clickable at point (265, 23). Other element would receive the click: <h4 class="ellipsis ng-binding">...</h4>  (Session info: chrome=66.0.3359.139)  (Driver info: chromedriver=2.36.540470 (e522d04694c7ebea4ba8821272dbef4f9b818c91),platform=Windows NT 10.0.16299 x86_64) (WARNING: The server did not provide any stacktrace information)Command duration or timeout: 38 millisecondsBuild info: version: 'unknown', revision: '1969d75', time: '2016-10-18 09:43:45 -0700'System info: host: 'MACPK-WKS-0132', ip: '172.25.174.220', os.name: 'Windows 10', os.arch: 'amd64', os.version: '10.0', java.version: '9.0.4'Driver info: org.openqa.selenium.chrome.ChromeDriverCapabilities [{applicationCacheEnabled=false, rotatable=false, mobileEmulationEnabled=false, networkConnectionEnabled=false, chrome={chromedriverVersion=2.36.540470 (e522d04694c7ebea4ba8821272dbef4f9b818c91), userDataDir=C:\Users\MUHAMM~1.IFT\AppData\Local\Temp\scoped_dir6672_18304}, takesHeapSnapshot=true, pageLoadStrategy=normal, databaseEnabled=false, handlesAlerts=true, hasTouchScreen=false, version=66.0.3359.139, platform=XP, browserConnectionEnabled=false, nativeEvents=true, acceptSslCerts=false, acceptInsecureCerts=false, locationContextEnabled=true, webStorageEnabled=true, browserName=chrome, takesScreenshot=true, javascriptEnabled=true, cssSelectorsEnabled=true, setWindowRect=true, unexpectedAlertBehaviour=}]Session ID: dc0bb95a27b85ca789424894a5d4f40bat java.base/jdk.internal.reflect.NativeConstructorAccessorImpl.newInstance0(Native Method)at java.base/jdk.internal.reflect.NativeConstructorAccessorImpl.newInstance(Unknown Source)at java.base/jdk.internal.reflect.DelegatingConstructorAccessorImpl.newInstance(Unknown Source)at java.base/java.lang.reflect.Constructor.newInstance(Unknown Source)at org.openqa.selenium.remote.ErrorHandler.createThrowable(ErrorHandler.java:216)at org.openqa.selenium.remote.ErrorHandler.throwIfResponseFailed(ErrorHandler.java:168)at org.openqa.selenium.remote.RemoteWebDriver.execute(RemoteWebDriver.java:635)at org.openqa.selenium.remote.RemoteWebElement.execute(RemoteWebElement.java:274)at org.openqa.selenium.remote.RemoteWebElement.click(RemoteWebElement.java:84)at jdk.internal.reflect.GeneratedMethodAccessor1.invoke(Unknown Source)at java.base/jdk.internal.reflect.DelegatingMethodAccessorImpl.invoke(Unknown Source)at java.base/java.lang.reflect.Method.invoke(Unknown Source)at org.openqa.selenium.support.pagefactory.internal.LocatingElementHandler.invoke(LocatingElementHandler.java:51)at com.sun.proxy.$Proxy11.click(Unknown Source)at OrdersTestcases.OrderFromWESP_WithCanadian_Product.OrderFromWESP_With_CanadianProduct(OrderFromWESP_WithCanadian_Product.java:30)at Master.OrdersExecution.OrderFromWESP_With_CandianProduct(OrdersExecution.java:276)at java.base/jdk.internal.reflect.NativeMethodAccessorImpl.invoke0(Native Method)at java.base/jdk.internal.reflect.NativeMethodAccessorImpl.invoke(Unknown Source)at java.base/jdk.internal.reflect.DelegatingMethodAccessorImpl.invoke(Unknown Source)at java.base/java.lang.reflect.Method.invoke(Unknown Source)at org.testng.internal.MethodInvocationHelper.invokeMethod(MethodInvocationHelper.java:124)at org.testng.internal.Invoker.invokeMethod(Invoker.java:571)at org.testng.internal.Invoker.invokeTestMethod(Invoker.java:707)at org.testng.internal.Invoker.invokeTestMethods(Invoker.java:979)at org.testng.internal.TestMethodWorker.invokeTestMethods(TestMethodWorker.java:125)at org.testng.internal.TestMethodWorker.run(TestMethodWorker.java:109)at org.testng.TestRunner.privateRun(TestRunner.java:648)at org.testng.TestRunner.run(TestRunner.java:505)at org.testng.SuiteRunner.runTest(SuiteRunner.java:455)at org.testng.SuiteRunner.runSequentially(SuiteRunner.java:450)at org.testng.SuiteRunner.privateRun(SuiteRunner.java:415)at org.testng.SuiteRunner.run(SuiteRunner.java:364)at org.testng.SuiteRunnerWorker.runSuite(SuiteRunnerWorker.java:52)at org.testng.SuiteRunnerWorker.run(SuiteRunnerWorker.java:84)at org.testng.TestNG.runSuitesSequentially(TestNG.java:1187)at org.testng.TestNG.runSuitesLocally(TestNG.java:1116)at org.testng.TestNG.runSuites(TestNG.java:1028)at org.testng.TestNG.run(TestNG.java:996)at org.testng.remote.AbstractRemoteTestNG.run(AbstractRemoteTestNG.java:114)at org.testng.remote.RemoteTestNG.initAndRun(RemoteTestNG.java:251)at org.testng.remote.RemoteTestNG.main(RemoteTestNG.java:77)]]>
    </error>
  </testcase> <!-- OrderFromWESP_With_CandianProduct -->
  <testcase classname="OrdersTestcases.OrderFromWESP_ThroughSearch" name="OrderFromWESP_From_CreatePresentation_OrderCreation" time="0.036">
    <error message="unknown error: Element &lt;a href=&quot;/login/Account/Redirector/?token=ZnJvbUFwcENvZGU9MDhONCZ0b2tlbj1leUpoYkdjaU9pSlNVMEV0VDBGRlVDSXNJbVZ1WXlJNklrRXlOVFpIUTAwaUxDSnJaWGxwWkNJNklqQTRUalFpZlEuWW45TndKcFltbHN2U0hVX2o4WEg5eE5keHBQS0p2SGRZMW10eVUzNzYwRjdsSTNCUURPRVRYQ1d5amkyOEJqSWJDQ2lVRXlSeklidjRlSlZOZ2ptanlEb2pBY2NkZTJPZmtfbVNvUlg3VFZacmloNzF5dmlWa3Z2a0wwMHp1RExKZG9fRTVPaTFYWHJFRXVVX0ZwOXg1WXIzMVFoYVhFMHdIQmtGeUFFandrLm5WN190RVVQOUluRENQUUQudEJtZ0QycUlobUJkTWMySjJOcXJhaF9ybUNoRDM4S3pnZVBLZmxNTURfd2xaVXJyMDVlSjZ3TUJ2ZHAxZDV5QTdTdTVTTElBRW1BMWlwYVBobVV3OHBDb3hhVnc2Y3JmTkJJRUJwUWM1QWcyY2pvQmNuazQwRG1OYnMwel9MN1NFOEROTV8xdFkwRkRiZ2tzNGtRc1ZhVzFzRElrWkI1SC1LbVJpd2VoaHlLcmJJc2VNeEExcnVhbTJyaGF4bTYxd0VocldxeW5wTi1iRDlUY1FUTzQ0QTUzdHdUTmh0a0FrUWItZ2E3LUkwOEx1Uk9aTWtkbGtsYlNxVHBwdFZ2MHRuM1pyWllhQzJNOHZfVG1BV1Y2c0s5OUZUYWZEQ2wzVElxT1lOU1htVmJ6aTBqOXdsaVdaYUJrNGdSNEp3NzJDYmZGUnhUbDA1UEZzSzJiXzlySUZIZVJBLXo2ZVcwQks4bmx1X29GVlYzdURyZzJBcWVxZTJUeGp4WVpDNEFwVjBpMmVEWk1lN01PMi1DVk55RF9zR2VWd0Z2QnpLV05mc0Q5NG9ZUmVrMzR3TlY4SnlYM3dxR3NnNWRLVXk4MkVuWENLaGlJQXBmcDdaMnhKM2RtOC1sZjlVN3k0bFktcEdoN3NDS0w5d3haQlhScGRsMTdWRExTSWg2Znk5SlV4eDdBVUJ6WGh4a0ZFdXVLR09FQVF6cWtzTGsuV1g3U1J6OGYycjBEZFhQS3A4c3dEZyZleHRndWlkPWIxMWE3YmZkLTA1ZjQtNGI5OC1hNTM1LTg1ZDkyMDM1Y2Y3ZCZ0b0FwcENvZGU9V0VTUA2&quot; target=&quot;_self&quot;&gt;...&lt;/a&gt; is not clickable at point (265, 23). Other element would receive the click: &lt;h4 class=&quot;ellipsis ng-binding&quot;&gt;...&lt;/h4&gt;
  (Session info: chrome=66.0.3359.139)
  (Driver info: chromedriver=2.36.540470 (e522d04694c7ebea4ba8821272dbef4f9b818c91),platform=Windows NT 10.0.16299 x86_64) (WARNING: The server did not provide any stacktrace information)
Command duration or timeout: 21 milliseconds
Build info: version: &#039;unknown&#039;, revision: &#039;1969d75&#039;, time: &#039;2016-10-18 09:43:45 -0700&#039;
System info: host: &#039;MACPK-WKS-0132&#039;, ip: &#039;172.25.174.220&#039;, os.name: &#039;Windows 10&#039;, os.arch: &#039;amd64&#039;, os.version: &#039;10.0&#039;, java.version: &#039;9.0.4&#039;
Driver info: org.openqa.selenium.chrome.ChromeDriver
Capabilities [{applicationCacheEnabled=false, rotatable=false, mobileEmulationEnabled=false, networkConnectionEnabled=false, chrome={chromedriverVersion=2.36.540470 (e522d04694c7ebea4ba8821272dbef4f9b818c91), userDataDir=C:\Users\MUHAMM~1.IFT\AppData\Local\Temp\scoped_dir6672_18304}, takesHeapSnapshot=true, pageLoadStrategy=normal, databaseEnabled=false, handlesAlerts=true, hasTouchScreen=false, version=66.0.3359.139, platform=XP, browserConnectionEnabled=false, nativeEvents=true, acceptSslCerts=false, acceptInsecureCerts=false, locationContextEnabled=true, webStorageEnabled=true, browserName=chrome, takesScreenshot=true, javascriptEnabled=true, cssSelectorsEnabled=true, setWindowRect=true, unexpectedAlertBehaviour=}]
Session ID: dc0bb95a27b85ca789424894a5d4f40b" type="org.openqa.selenium.WebDriverException">
      <![CDATA[org.openqa.selenium.WebDriverException: unknown error: Element <a href="/login/Account/Redirector/?token=ZnJvbUFwcENvZGU9MDhONCZ0b2tlbj1leUpoYkdjaU9pSlNVMEV0VDBGRlVDSXNJbVZ1WXlJNklrRXlOVFpIUTAwaUxDSnJaWGxwWkNJNklqQTRUalFpZlEuWW45TndKcFltbHN2U0hVX2o4WEg5eE5keHBQS0p2SGRZMW10eVUzNzYwRjdsSTNCUURPRVRYQ1d5amkyOEJqSWJDQ2lVRXlSeklidjRlSlZOZ2ptanlEb2pBY2NkZTJPZmtfbVNvUlg3VFZacmloNzF5dmlWa3Z2a0wwMHp1RExKZG9fRTVPaTFYWHJFRXVVX0ZwOXg1WXIzMVFoYVhFMHdIQmtGeUFFandrLm5WN190RVVQOUluRENQUUQudEJtZ0QycUlobUJkTWMySjJOcXJhaF9ybUNoRDM4S3pnZVBLZmxNTURfd2xaVXJyMDVlSjZ3TUJ2ZHAxZDV5QTdTdTVTTElBRW1BMWlwYVBobVV3OHBDb3hhVnc2Y3JmTkJJRUJwUWM1QWcyY2pvQmNuazQwRG1OYnMwel9MN1NFOEROTV8xdFkwRkRiZ2tzNGtRc1ZhVzFzRElrWkI1SC1LbVJpd2VoaHlLcmJJc2VNeEExcnVhbTJyaGF4bTYxd0VocldxeW5wTi1iRDlUY1FUTzQ0QTUzdHdUTmh0a0FrUWItZ2E3LUkwOEx1Uk9aTWtkbGtsYlNxVHBwdFZ2MHRuM1pyWllhQzJNOHZfVG1BV1Y2c0s5OUZUYWZEQ2wzVElxT1lOU1htVmJ6aTBqOXdsaVdaYUJrNGdSNEp3NzJDYmZGUnhUbDA1UEZzSzJiXzlySUZIZVJBLXo2ZVcwQks4bmx1X29GVlYzdURyZzJBcWVxZTJUeGp4WVpDNEFwVjBpMmVEWk1lN01PMi1DVk55RF9zR2VWd0Z2QnpLV05mc0Q5NG9ZUmVrMzR3TlY4SnlYM3dxR3NnNWRLVXk4MkVuWENLaGlJQXBmcDdaMnhKM2RtOC1sZjlVN3k0bFktcEdoN3NDS0w5d3haQlhScGRsMTdWRExTSWg2Znk5SlV4eDdBVUJ6WGh4a0ZFdXVLR09FQVF6cWtzTGsuV1g3U1J6OGYycjBEZFhQS3A4c3dEZyZleHRndWlkPWIxMWE3YmZkLTA1ZjQtNGI5OC1hNTM1LTg1ZDkyMDM1Y2Y3ZCZ0b0FwcENvZGU9V0VTUA2" target="_self">...</a> is not clickable at point (265, 23). Other element would receive the click: <h4 class="ellipsis ng-binding">...</h4>  (Session info: chrome=66.0.3359.139)  (Driver info: chromedriver=2.36.540470 (e522d04694c7ebea4ba8821272dbef4f9b818c91),platform=Windows NT 10.0.16299 x86_64) (WARNING: The server did not provide any stacktrace information)Command duration or timeout: 21 millisecondsBuild info: version: 'unknown', revision: '1969d75', time: '2016-10-18 09:43:45 -0700'System info: host: 'MACPK-WKS-0132', ip: '172.25.174.220', os.name: 'Windows 10', os.arch: 'amd64', os.version: '10.0', java.version: '9.0.4'Driver info: org.openqa.selenium.chrome.ChromeDriverCapabilities [{applicationCacheEnabled=false, rotatable=false, mobileEmulationEnabled=false, networkConnectionEnabled=false, chrome={chromedriverVersion=2.36.540470 (e522d04694c7ebea4ba8821272dbef4f9b818c91), userDataDir=C:\Users\MUHAMM~1.IFT\AppData\Local\Temp\scoped_dir6672_18304}, takesHeapSnapshot=true, pageLoadStrategy=normal, databaseEnabled=false, handlesAlerts=true, hasTouchScreen=false, version=66.0.3359.139, platform=XP, browserConnectionEnabled=false, nativeEvents=true, acceptSslCerts=false, acceptInsecureCerts=false, locationContextEnabled=true, webStorageEnabled=true, browserName=chrome, takesScreenshot=true, javascriptEnabled=true, cssSelectorsEnabled=true, setWindowRect=true, unexpectedAlertBehaviour=}]Session ID: dc0bb95a27b85ca789424894a5d4f40bat java.base/jdk.internal.reflect.NativeConstructorAccessorImpl.newInstance0(Native Method)at java.base/jdk.internal.reflect.NativeConstructorAccessorImpl.newInstance(Unknown Source)at java.base/jdk.internal.reflect.DelegatingConstructorAccessorImpl.newInstance(Unknown Source)at java.base/java.lang.reflect.Constructor.newInstance(Unknown Source)at org.openqa.selenium.remote.ErrorHandler.createThrowable(ErrorHandler.java:216)at org.openqa.selenium.remote.ErrorHandler.throwIfResponseFailed(ErrorHandler.java:168)at org.openqa.selenium.remote.RemoteWebDriver.execute(RemoteWebDriver.java:635)at org.openqa.selenium.remote.RemoteWebElement.execute(RemoteWebElement.java:274)at org.openqa.selenium.remote.RemoteWebElement.click(RemoteWebElement.java:84)at jdk.internal.reflect.GeneratedMethodAccessor1.invoke(Unknown Source)at java.base/jdk.internal.reflect.DelegatingMethodAccessorImpl.invoke(Unknown Source)at java.base/java.lang.reflect.Method.invoke(Unknown Source)at org.openqa.selenium.support.pagefactory.internal.LocatingElementHandler.invoke(LocatingElementHandler.java:51)at com.sun.proxy.$Proxy11.click(Unknown Source)at OrdersTestcases.OrderFromWESP_FromCreatePresentation_Order.OrderFromWESP_FromCreatePresenation_OrderCreation(OrderFromWESP_FromCreatePresentation_Order.java:27)at Master.OrdersExecution.OrderFromWESP_From_CreatePresentation_OrderCreation(OrdersExecution.java:282)at java.base/jdk.internal.reflect.NativeMethodAccessorImpl.invoke0(Native Method)at java.base/jdk.internal.reflect.NativeMethodAccessorImpl.invoke(Unknown Source)at java.base/jdk.internal.reflect.DelegatingMethodAccessorImpl.invoke(Unknown Source)at java.base/java.lang.reflect.Method.invoke(Unknown Source)at org.testng.internal.MethodInvocationHelper.invokeMethod(MethodInvocationHelper.java:124)at org.testng.internal.Invoker.invokeMethod(Invoker.java:571)at org.testng.internal.Invoker.invokeTestMethod(Invoker.java:707)at org.testng.internal.Invoker.invokeTestMethods(Invoker.java:979)at org.testng.internal.TestMethodWorker.invokeTestMethods(TestMethodWorker.java:125)at org.testng.internal.TestMethodWorker.run(TestMethodWorker.java:109)at org.testng.TestRunner.privateRun(TestRunner.java:648)at org.testng.TestRunner.run(TestRunner.java:505)at org.testng.SuiteRunner.runTest(SuiteRunner.java:455)at org.testng.SuiteRunner.runSequentially(SuiteRunner.java:450)at org.testng.SuiteRunner.privateRun(SuiteRunner.java:415)at org.testng.SuiteRunner.run(SuiteRunner.java:364)at org.testng.SuiteRunnerWorker.runSuite(SuiteRunnerWorker.java:52)at org.testng.SuiteRunnerWorker.run(SuiteRunnerWorker.java:84)at org.testng.TestNG.runSuitesSequentially(TestNG.java:1187)at org.testng.TestNG.runSuitesLocally(TestNG.java:1116)at org.testng.TestNG.runSuites(TestNG.java:1028)at org.testng.TestNG.run(TestNG.java:996)at org.testng.remote.AbstractRemoteTestNG.run(AbstractRemoteTestNG.java:114)at org.testng.remote.RemoteTestNG.initAndRun(RemoteTestNG.java:251)at org.testng.remote.RemoteTestNG.main(RemoteTestNG.java:77)]]>
    </error>
  </testcase> <!-- OrderFromWESP_From_CreatePresentation_OrderCreation -->
  <testcase classname="OrdersTestcases.OrderFromWESP_ThroughSearch" name="OrderCreation_ThroughShoppingCart_Idaho" time="3.100">
    <error message="unknown error: Element &lt;a href=&quot;/login/Account/Redirector/?token=ZnJvbUFwcENvZGU9MDhONCZ0b2tlbj1leUpoYkdjaU9pSlNVMEV0VDBGRlVDSXNJbVZ1WXlJNklrRXlOVFpIUTAwaUxDSnJaWGxwWkNJNklqQTRUalFpZlEuWW45TndKcFltbHN2U0hVX2o4WEg5eE5keHBQS0p2SGRZMW10eVUzNzYwRjdsSTNCUURPRVRYQ1d5amkyOEJqSWJDQ2lVRXlSeklidjRlSlZOZ2ptanlEb2pBY2NkZTJPZmtfbVNvUlg3VFZacmloNzF5dmlWa3Z2a0wwMHp1RExKZG9fRTVPaTFYWHJFRXVVX0ZwOXg1WXIzMVFoYVhFMHdIQmtGeUFFandrLm5WN190RVVQOUluRENQUUQudEJtZ0QycUlobUJkTWMySjJOcXJhaF9ybUNoRDM4S3pnZVBLZmxNTURfd2xaVXJyMDVlSjZ3TUJ2ZHAxZDV5QTdTdTVTTElBRW1BMWlwYVBobVV3OHBDb3hhVnc2Y3JmTkJJRUJwUWM1QWcyY2pvQmNuazQwRG1OYnMwel9MN1NFOEROTV8xdFkwRkRiZ2tzNGtRc1ZhVzFzRElrWkI1SC1LbVJpd2VoaHlLcmJJc2VNeEExcnVhbTJyaGF4bTYxd0VocldxeW5wTi1iRDlUY1FUTzQ0QTUzdHdUTmh0a0FrUWItZ2E3LUkwOEx1Uk9aTWtkbGtsYlNxVHBwdFZ2MHRuM1pyWllhQzJNOHZfVG1BV1Y2c0s5OUZUYWZEQ2wzVElxT1lOU1htVmJ6aTBqOXdsaVdaYUJrNGdSNEp3NzJDYmZGUnhUbDA1UEZzSzJiXzlySUZIZVJBLXo2ZVcwQks4bmx1X29GVlYzdURyZzJBcWVxZTJUeGp4WVpDNEFwVjBpMmVEWk1lN01PMi1DVk55RF9zR2VWd0Z2QnpLV05mc0Q5NG9ZUmVrMzR3TlY4SnlYM3dxR3NnNWRLVXk4MkVuWENLaGlJQXBmcDdaMnhKM2RtOC1sZjlVN3k0bFktcEdoN3NDS0w5d3haQlhScGRsMTdWRExTSWg2Znk5SlV4eDdBVUJ6WGh4a0ZFdXVLR09FQVF6cWtzTGsuV1g3U1J6OGYycjBEZFhQS3A4c3dEZyZleHRndWlkPWIxMWE3YmZkLTA1ZjQtNGI5OC1hNTM1LTg1ZDkyMDM1Y2Y3ZCZ0b0FwcENvZGU9V0VTUA2&quot; target=&quot;_self&quot;&gt;...&lt;/a&gt; is not clickable at point (265, 23). Other element would receive the click: &lt;h4 class=&quot;ellipsis ng-binding&quot;&gt;...&lt;/h4&gt;
  (Session info: chrome=66.0.3359.139)
  (Driver info: chromedriver=2.36.540470 (e522d04694c7ebea4ba8821272dbef4f9b818c91),platform=Windows NT 10.0.16299 x86_64) (WARNING: The server did not provide any stacktrace information)
Command duration or timeout: 31 milliseconds
Build info: version: &#039;unknown&#039;, revision: &#039;1969d75&#039;, time: &#039;2016-10-18 09:43:45 -0700&#039;
System info: host: &#039;MACPK-WKS-0132&#039;, ip: &#039;172.25.174.220&#039;, os.name: &#039;Windows 10&#039;, os.arch: &#039;amd64&#039;, os.version: &#039;10.0&#039;, java.version: &#039;9.0.4&#039;
Driver info: org.openqa.selenium.chrome.ChromeDriver
Capabilities [{applicationCacheEnabled=false, rotatable=false, mobileEmulationEnabled=false, networkConnectionEnabled=false, chrome={chromedriverVersion=2.36.540470 (e522d04694c7ebea4ba8821272dbef4f9b818c91), userDataDir=C:\Users\MUHAMM~1.IFT\AppData\Local\Temp\scoped_dir6672_18304}, takesHeapSnapshot=true, pageLoadStrategy=normal, databaseEnabled=false, handlesAlerts=true, hasTouchScreen=false, version=66.0.3359.139, platform=XP, browserConnectionEnabled=false, nativeEvents=true, acceptSslCerts=false, acceptInsecureCerts=false, locationContextEnabled=true, webStorageEnabled=true, browserName=chrome, takesScreenshot=true, javascriptEnabled=true, cssSelectorsEnabled=true, setWindowRect=true, unexpectedAlertBehaviour=}]
Session ID: dc0bb95a27b85ca789424894a5d4f40b" type="org.openqa.selenium.WebDriverException">
      <![CDATA[org.openqa.selenium.WebDriverException: unknown error: Element <a href="/login/Account/Redirector/?token=ZnJvbUFwcENvZGU9MDhONCZ0b2tlbj1leUpoYkdjaU9pSlNVMEV0VDBGRlVDSXNJbVZ1WXlJNklrRXlOVFpIUTAwaUxDSnJaWGxwWkNJNklqQTRUalFpZlEuWW45TndKcFltbHN2U0hVX2o4WEg5eE5keHBQS0p2SGRZMW10eVUzNzYwRjdsSTNCUURPRVRYQ1d5amkyOEJqSWJDQ2lVRXlSeklidjRlSlZOZ2ptanlEb2pBY2NkZTJPZmtfbVNvUlg3VFZacmloNzF5dmlWa3Z2a0wwMHp1RExKZG9fRTVPaTFYWHJFRXVVX0ZwOXg1WXIzMVFoYVhFMHdIQmtGeUFFandrLm5WN190RVVQOUluRENQUUQudEJtZ0QycUlobUJkTWMySjJOcXJhaF9ybUNoRDM4S3pnZVBLZmxNTURfd2xaVXJyMDVlSjZ3TUJ2ZHAxZDV5QTdTdTVTTElBRW1BMWlwYVBobVV3OHBDb3hhVnc2Y3JmTkJJRUJwUWM1QWcyY2pvQmNuazQwRG1OYnMwel9MN1NFOEROTV8xdFkwRkRiZ2tzNGtRc1ZhVzFzRElrWkI1SC1LbVJpd2VoaHlLcmJJc2VNeEExcnVhbTJyaGF4bTYxd0VocldxeW5wTi1iRDlUY1FUTzQ0QTUzdHdUTmh0a0FrUWItZ2E3LUkwOEx1Uk9aTWtkbGtsYlNxVHBwdFZ2MHRuM1pyWllhQzJNOHZfVG1BV1Y2c0s5OUZUYWZEQ2wzVElxT1lOU1htVmJ6aTBqOXdsaVdaYUJrNGdSNEp3NzJDYmZGUnhUbDA1UEZzSzJiXzlySUZIZVJBLXo2ZVcwQks4bmx1X29GVlYzdURyZzJBcWVxZTJUeGp4WVpDNEFwVjBpMmVEWk1lN01PMi1DVk55RF9zR2VWd0Z2QnpLV05mc0Q5NG9ZUmVrMzR3TlY4SnlYM3dxR3NnNWRLVXk4MkVuWENLaGlJQXBmcDdaMnhKM2RtOC1sZjlVN3k0bFktcEdoN3NDS0w5d3haQlhScGRsMTdWRExTSWg2Znk5SlV4eDdBVUJ6WGh4a0ZFdXVLR09FQVF6cWtzTGsuV1g3U1J6OGYycjBEZFhQS3A4c3dEZyZleHRndWlkPWIxMWE3YmZkLTA1ZjQtNGI5OC1hNTM1LTg1ZDkyMDM1Y2Y3ZCZ0b0FwcENvZGU9V0VTUA2" target="_self">...</a> is not clickable at point (265, 23). Other element would receive the click: <h4 class="ellipsis ng-binding">...</h4>  (Session info: chrome=66.0.3359.139)  (Driver info: chromedriver=2.36.540470 (e522d04694c7ebea4ba8821272dbef4f9b818c91),platform=Windows NT 10.0.16299 x86_64) (WARNING: The server did not provide any stacktrace information)Command duration or timeout: 31 millisecondsBuild info: version: 'unknown', revision: '1969d75', time: '2016-10-18 09:43:45 -0700'System info: host: 'MACPK-WKS-0132', ip: '172.25.174.220', os.name: 'Windows 10', os.arch: 'amd64', os.version: '10.0', java.version: '9.0.4'Driver info: org.openqa.selenium.chrome.ChromeDriverCapabilities [{applicationCacheEnabled=false, rotatable=false, mobileEmulationEnabled=false, networkConnectionEnabled=false, chrome={chromedriverVersion=2.36.540470 (e522d04694c7ebea4ba8821272dbef4f9b818c91), userDataDir=C:\Users\MUHAMM~1.IFT\AppData\Local\Temp\scoped_dir6672_18304}, takesHeapSnapshot=true, pageLoadStrategy=normal, databaseEnabled=false, handlesAlerts=true, hasTouchScreen=false, version=66.0.3359.139, platform=XP, browserConnectionEnabled=false, nativeEvents=true, acceptSslCerts=false, acceptInsecureCerts=false, locationContextEnabled=true, webStorageEnabled=true, browserName=chrome, takesScreenshot=true, javascriptEnabled=true, cssSelectorsEnabled=true, setWindowRect=true, unexpectedAlertBehaviour=}]Session ID: dc0bb95a27b85ca789424894a5d4f40bat java.base/jdk.internal.reflect.NativeConstructorAccessorImpl.newInstance0(Native Method)at java.base/jdk.internal.reflect.NativeConstructorAccessorImpl.newInstance(Unknown Source)at java.base/jdk.internal.reflect.DelegatingConstructorAccessorImpl.newInstance(Unknown Source)at java.base/java.lang.reflect.Constructor.newInstance(Unknown Source)at org.openqa.selenium.remote.ErrorHandler.createThrowable(ErrorHandler.java:216)at org.openqa.selenium.remote.ErrorHandler.throwIfResponseFailed(ErrorHandler.java:168)at org.openqa.selenium.remote.RemoteWebDriver.execute(RemoteWebDriver.java:635)at org.openqa.selenium.remote.RemoteWebElement.execute(RemoteWebElement.java:274)at org.openqa.selenium.remote.RemoteWebElement.click(RemoteWebElement.java:84)at jdk.internal.reflect.GeneratedMethodAccessor1.invoke(Unknown Source)at java.base/jdk.internal.reflect.DelegatingMethodAccessorImpl.invoke(Unknown Source)at java.base/java.lang.reflect.Method.invoke(Unknown Source)at org.openqa.selenium.support.pagefactory.internal.LocatingElementHandler.invoke(LocatingElementHandler.java:51)at com.sun.proxy.$Proxy11.click(Unknown Source)at OrdersTestcases.OrderFromShoppingCart_Idaho.ShoppingCartOrder_FromIdaho(OrderFromShoppingCart_Idaho.java:52)at Master.OrdersExecution.OrderCreation_ThroughShoppingCart_Idaho(OrdersExecution.java:288)at java.base/jdk.internal.reflect.NativeMethodAccessorImpl.invoke0(Native Method)at java.base/jdk.internal.reflect.NativeMethodAccessorImpl.invoke(Unknown Source)at java.base/jdk.internal.reflect.DelegatingMethodAccessorImpl.invoke(Unknown Source)at java.base/java.lang.reflect.Method.invoke(Unknown Source)at org.testng.internal.MethodInvocationHelper.invokeMethod(MethodInvocationHelper.java:124)at org.testng.internal.Invoker.invokeMethod(Invoker.java:571)at org.testng.internal.Invoker.invokeTestMethod(Invoker.java:707)at org.testng.internal.Invoker.invokeTestMethods(Invoker.java:979)at org.testng.internal.TestMethodWorker.invokeTestMethods(TestMethodWorker.java:125)at org.testng.internal.TestMethodWorker.run(TestMethodWorker.java:109)at org.testng.TestRunner.privateRun(TestRunner.java:648)at org.testng.TestRunner.run(TestRunner.java:505)at org.testng.SuiteRunner.runTest(SuiteRunner.java:455)at org.testng.SuiteRunner.runSequentially(SuiteRunner.java:450)at org.testng.SuiteRunner.privateRun(SuiteRunner.java:415)at org.testng.SuiteRunner.run(SuiteRunner.java:364)at org.testng.SuiteRunnerWorker.runSuite(SuiteRunnerWorker.java:52)at org.testng.SuiteRunnerWorker.run(SuiteRunnerWorker.java:84)at org.testng.TestNG.runSuitesSequentially(TestNG.java:1187)at org.testng.TestNG.runSuitesLocally(TestNG.java:1116)at org.testng.TestNG.runSuites(TestNG.java:1028)at org.testng.TestNG.run(TestNG.java:996)at org.testng.remote.AbstractRemoteTestNG.run(AbstractRemoteTestNG.java:114)at org.testng.remote.RemoteTestNG.initAndRun(RemoteTestNG.java:251)at org.testng.remote.RemoteTestNG.main(RemoteTestNG.java:77)]]>
    </error>
  </testcase> <!-- OrderCreation_ThroughShoppingCart_Idaho -->
  <testcase classname="OrdersTestcases.OrderFromWESP_ThroughSearch" name="OrderCreation_ThroughShoppingCart_WESP" time="106.945"/>
  <testcase classname="OrdersTestcases.OrderFromWESP_ThroughSearch" name="OrderCreation_FromClipBoard_WESP" time="163.316"/>
  <testcase classname="OrdersTestcases.OrderFromWESP_ThroughSearch" name="QuoteCreation_FromClipBoard_WESP" time="62.118"/>
  <testcase classname="OrdersTestcases.OrderFromWESP_ThroughSearch" name="WESPOrder_SafeModeActive" time="0.062">
    <error message="unknown error: Element &lt;a href=&quot;/login/Account/Redirector/?token=ZnJvbUFwcENvZGU9MDhONCZ0b2tlbj1leUpoYkdjaU9pSlNVMEV0VDBGRlVDSXNJbVZ1WXlJNklrRXlOVFpIUTAwaUxDSnJaWGxwWkNJNklqQTRUalFpZlEuU1hSanc3eU5EcVVXOGNKSnRFSFNBcmJLUGF6VnRIWWlqdER6S1RFUmhsbWI2WVNkanY4UUJrNTBfX3lmM1JoZl9yVlItMC0zeFQzbEdkbzR4ZzI2TjZjdFIwNG1WamRDRDI5c0NGVGk5X1lzUWNqOVgyeVg4SlJJeWxGVjE2OW1PRHdlVkdGQXZoRDNUT1U5Vi1KekVFc2RpUFU2WHhoT29YcHpNaWxwRmI4LllpdHZNWE5RMktQeXZnekIuem1VTm1mdnZLN0Jac00xZURWVFJkcUw4cnczVzJiVmxNSlY2RzZlOTBOMUpFaFRkUThiRlJPXzBmS08wOHlLU1NZbWQ2d0dZajhCb3Z2NXBWRjFTckw3YzVLVGdORGgyMV8xX1BHY3lwd3dzc1ppdXFvSHFEYkpjYWNvMmRyWlMzZ3ZnVnhHcEVYZUg0UVFFZXFBb3V3UG1hS1NxV1hhOXlpYkM0MThDbFM0eURvNmdpbmZpUnZtb09HZFhQbVJjbVR6QXdfZnZPNGdTZlc1ai1iLVBLUjF5NFd5WlM2ZXoyTDNWdDhwSHNLWk9oZ2NPWHdXTE04LVlsR29pOFZXa2VRYWQ4MEtFckxTMkhJeF9QTE83RjVibzhJck5IR2dzV2FmN20zQWw5aW5qeThtSkF0WVNkTkpWekFSS0pfODJKejBHWHBOZkFGODNXSVRIMGlVRUNNZ2xmaFJuZEJ6VDg5ZXBrSS1vNmF6RXNnMjdHRDVRakIxeERTRk1qZlVrV1N2UWxwdFVRZ0ZpR0t3ZFRBeHdzblM4MGhlak5sWjJFWXdDeHU0YzZWMGltUXF5UWJOMFZ4U2t1WVhQOUNLUVF6bmlUZDE0OUJLQjhtQnZnYUpwTlo1NUF3Rm9jbFFQRVNOSmlWVHpaU09JNmE5UExibk1wcUtmNDdnb0JPUnpERWVyX19KRWoxZ29ZRGpnMUlTRFVNaTRpMjQuLXlCd0luNDVoSnk1Q3JTb1RpTGNNdyZleHRndWlkPWIxMWE3YmZkLTA1ZjQtNGI5OC1hNTM1LTg1ZDkyMDM1Y2Y3ZCZ0b0FwcENvZGU9V0VTUA2&quot; target=&quot;_self&quot;&gt;...&lt;/a&gt; is not clickable at point (265, 23). Other element would receive the click: &lt;h4 class=&quot;ellipsis ng-binding&quot;&gt;...&lt;/h4&gt;
  (Session info: chrome=66.0.3359.139)
  (Driver info: chromedriver=2.36.540470 (e522d04694c7ebea4ba8821272dbef4f9b818c91),platform=Windows NT 10.0.16299 x86_64) (WARNING: The server did not provide any stacktrace information)
Command duration or timeout: 44 milliseconds
Build info: version: &#039;unknown&#039;, revision: &#039;1969d75&#039;, time: &#039;2016-10-18 09:43:45 -0700&#039;
System info: host: &#039;MACPK-WKS-0132&#039;, ip: &#039;172.25.174.220&#039;, os.name: &#039;Windows 10&#039;, os.arch: &#039;amd64&#039;, os.version: &#039;10.0&#039;, java.version: &#039;9.0.4&#039;
Driver info: org.openqa.selenium.chrome.ChromeDriver
Capabilities [{applicationCacheEnabled=false, rotatable=false, mobileEmulationEnabled=false, networkConnectionEnabled=false, chrome={chromedriverVersion=2.36.540470 (e522d04694c7ebea4ba8821272dbef4f9b818c91), userDataDir=C:\Users\MUHAMM~1.IFT\AppData\Local\Temp\scoped_dir6672_18304}, takesHeapSnapshot=true, pageLoadStrategy=normal, databaseEnabled=false, handlesAlerts=true, hasTouchScreen=false, version=66.0.3359.139, platform=XP, browserConnectionEnabled=false, nativeEvents=true, acceptSslCerts=false, acceptInsecureCerts=false, locationContextEnabled=true, webStorageEnabled=true, browserName=chrome, takesScreenshot=true, javascriptEnabled=true, cssSelectorsEnabled=true, setWindowRect=true, unexpectedAlertBehaviour=}]
Session ID: dc0bb95a27b85ca789424894a5d4f40b" type="org.openqa.selenium.WebDriverException">
      <![CDATA[org.openqa.selenium.WebDriverException: unknown error: Element <a href="/login/Account/Redirector/?token=ZnJvbUFwcENvZGU9MDhONCZ0b2tlbj1leUpoYkdjaU9pSlNVMEV0VDBGRlVDSXNJbVZ1WXlJNklrRXlOVFpIUTAwaUxDSnJaWGxwWkNJNklqQTRUalFpZlEuU1hSanc3eU5EcVVXOGNKSnRFSFNBcmJLUGF6VnRIWWlqdER6S1RFUmhsbWI2WVNkanY4UUJrNTBfX3lmM1JoZl9yVlItMC0zeFQzbEdkbzR4ZzI2TjZjdFIwNG1WamRDRDI5c0NGVGk5X1lzUWNqOVgyeVg4SlJJeWxGVjE2OW1PRHdlVkdGQXZoRDNUT1U5Vi1KekVFc2RpUFU2WHhoT29YcHpNaWxwRmI4LllpdHZNWE5RMktQeXZnekIuem1VTm1mdnZLN0Jac00xZURWVFJkcUw4cnczVzJiVmxNSlY2RzZlOTBOMUpFaFRkUThiRlJPXzBmS08wOHlLU1NZbWQ2d0dZajhCb3Z2NXBWRjFTckw3YzVLVGdORGgyMV8xX1BHY3lwd3dzc1ppdXFvSHFEYkpjYWNvMmRyWlMzZ3ZnVnhHcEVYZUg0UVFFZXFBb3V3UG1hS1NxV1hhOXlpYkM0MThDbFM0eURvNmdpbmZpUnZtb09HZFhQbVJjbVR6QXdfZnZPNGdTZlc1ai1iLVBLUjF5NFd5WlM2ZXoyTDNWdDhwSHNLWk9oZ2NPWHdXTE04LVlsR29pOFZXa2VRYWQ4MEtFckxTMkhJeF9QTE83RjVibzhJck5IR2dzV2FmN20zQWw5aW5qeThtSkF0WVNkTkpWekFSS0pfODJKejBHWHBOZkFGODNXSVRIMGlVRUNNZ2xmaFJuZEJ6VDg5ZXBrSS1vNmF6RXNnMjdHRDVRakIxeERTRk1qZlVrV1N2UWxwdFVRZ0ZpR0t3ZFRBeHdzblM4MGhlak5sWjJFWXdDeHU0YzZWMGltUXF5UWJOMFZ4U2t1WVhQOUNLUVF6bmlUZDE0OUJLQjhtQnZnYUpwTlo1NUF3Rm9jbFFQRVNOSmlWVHpaU09JNmE5UExibk1wcUtmNDdnb0JPUnpERWVyX19KRWoxZ29ZRGpnMUlTRFVNaTRpMjQuLXlCd0luNDVoSnk1Q3JTb1RpTGNNdyZleHRndWlkPWIxMWE3YmZkLTA1ZjQtNGI5OC1hNTM1LTg1ZDkyMDM1Y2Y3ZCZ0b0FwcENvZGU9V0VTUA2" target="_self">...</a> is not clickable at point (265, 23). Other element would receive the click: <h4 class="ellipsis ng-binding">...</h4>  (Session info: chrome=66.0.3359.139)  (Driver info: chromedriver=2.36.540470 (e522d04694c7ebea4ba8821272dbef4f9b818c91),platform=Windows NT 10.0.16299 x86_64) (WARNING: The server did not provide any stacktrace information)Command duration or timeout: 44 millisecondsBuild info: version: 'unknown', revision: '1969d75', time: '2016-10-18 09:43:45 -0700'System info: host: 'MACPK-WKS-0132', ip: '172.25.174.220', os.name: 'Windows 10', os.arch: 'amd64', os.version: '10.0', java.version: '9.0.4'Driver info: org.openqa.selenium.chrome.ChromeDriverCapabilities [{applicationCacheEnabled=false, rotatable=false, mobileEmulationEnabled=false, networkConnectionEnabled=false, chrome={chromedriverVersion=2.36.540470 (e522d04694c7ebea4ba8821272dbef4f9b818c91), userDataDir=C:\Users\MUHAMM~1.IFT\AppData\Local\Temp\scoped_dir6672_18304}, takesHeapSnapshot=true, pageLoadStrategy=normal, databaseEnabled=false, handlesAlerts=true, hasTouchScreen=false, version=66.0.3359.139, platform=XP, browserConnectionEnabled=false, nativeEvents=true, acceptSslCerts=false, acceptInsecureCerts=false, locationContextEnabled=true, webStorageEnabled=true, browserName=chrome, takesScreenshot=true, javascriptEnabled=true, cssSelectorsEnabled=true, setWindowRect=true, unexpectedAlertBehaviour=}]Session ID: dc0bb95a27b85ca789424894a5d4f40bat java.base/jdk.internal.reflect.NativeConstructorAccessorImpl.newInstance0(Native Method)at java.base/jdk.internal.reflect.NativeConstructorAccessorImpl.newInstance(Unknown Source)at java.base/jdk.internal.reflect.DelegatingConstructorAccessorImpl.newInstance(Unknown Source)at java.base/java.lang.reflect.Constructor.newInstance(Unknown Source)at org.openqa.selenium.remote.ErrorHandler.createThrowable(ErrorHandler.java:216)at org.openqa.selenium.remote.ErrorHandler.throwIfResponseFailed(ErrorHandler.java:168)at org.openqa.selenium.remote.RemoteWebDriver.execute(RemoteWebDriver.java:635)at org.openqa.selenium.remote.RemoteWebElement.execute(RemoteWebElement.java:274)at org.openqa.selenium.remote.RemoteWebElement.click(RemoteWebElement.java:84)at jdk.internal.reflect.GeneratedMethodAccessor1.invoke(Unknown Source)at java.base/jdk.internal.reflect.DelegatingMethodAccessorImpl.invoke(Unknown Source)at java.base/java.lang.reflect.Method.invoke(Unknown Source)at org.openqa.selenium.support.pagefactory.internal.LocatingElementHandler.invoke(LocatingElementHandler.java:51)at com.sun.proxy.$Proxy11.click(Unknown Source)at OrdersTestcases.CreateOrder_SafeModeActive.OrderFromWESP_SafeModeActive(CreateOrder_SafeModeActive.java:29)at Master.OrdersExecution.WESPOrder_SafeModeActive(OrdersExecution.java:312)at java.base/jdk.internal.reflect.NativeMethodAccessorImpl.invoke0(Native Method)at java.base/jdk.internal.reflect.NativeMethodAccessorImpl.invoke(Unknown Source)at java.base/jdk.internal.reflect.DelegatingMethodAccessorImpl.invoke(Unknown Source)at java.base/java.lang.reflect.Method.invoke(Unknown Source)at org.testng.internal.MethodInvocationHelper.invokeMethod(MethodInvocationHelper.java:124)at org.testng.internal.Invoker.invokeMethod(Invoker.java:571)at org.testng.internal.Invoker.invokeTestMethod(Invoker.java:707)at org.testng.internal.Invoker.invokeTestMethods(Invoker.java:979)at org.testng.internal.TestMethodWorker.invokeTestMethods(TestMethodWorker.java:125)at org.testng.internal.TestMethodWorker.run(TestMethodWorker.java:109)at org.testng.TestRunner.privateRun(TestRunner.java:648)at org.testng.TestRunner.run(TestRunner.java:505)at org.testng.SuiteRunner.runTest(SuiteRunner.java:455)at org.testng.SuiteRunner.runSequentially(SuiteRunner.java:450)at org.testng.SuiteRunner.privateRun(SuiteRunner.java:415)at org.testng.SuiteRunner.run(SuiteRunner.java:364)at org.testng.SuiteRunnerWorker.runSuite(SuiteRunnerWorker.java:52)at org.testng.SuiteRunnerWorker.run(SuiteRunnerWorker.java:84)at org.testng.TestNG.runSuitesSequentially(TestNG.java:1187)at org.testng.TestNG.runSuitesLocally(TestNG.java:1116)at org.testng.TestNG.runSuites(TestNG.java:1028)at org.testng.TestNG.run(TestNG.java:996)at org.testng.remote.AbstractRemoteTestNG.run(AbstractRemoteTestNG.java:114)at org.testng.remote.RemoteTestNG.initAndRun(RemoteTestNG.java:251)at org.testng.remote.RemoteTestNG.main(RemoteTestNG.java:77)]]>
    </error>
  </testcase> <!-- WESPOrder_SafeModeActive -->
</testsuite> <!-- OrdersTestcases.OrderFromWESP_ThroughSearch -->
