<?xml version="1.0" encoding="UTF-8"?>
<!-- Generated by org.testng.reporters.JUnitReportReporter -->
<testsuite hostname="MACPK-WKS-0132" failures="0" tests="26" name="OrdersTestcases.BrowserInitiation" time="13.509" errors="2" timestamp="09 Jul 2018 10:02:56 GMT" skipped="24">
  <testcase classname="OrdersTestcases.BrowserInitiation" name="LoginApp" time="13.506">
    <error message="no such alert
  (Session info: chrome=67.0.3396.99)
  (Driver info: chromedriver=2.40.565498 (ea082db3280dd6843ebfb08a625e3eb905c4f5ab),platform=Windows NT 10.0.17134 x86_64) (WARNING: The server did not provide any stacktrace information)
Command duration or timeout: 7 milliseconds
Build info: version: &#039;unknown&#039;, revision: &#039;1969d75&#039;, time: &#039;2016-10-18 09:43:45 -0700&#039;
System info: host: &#039;MACPK-WKS-0132&#039;, ip: &#039;172.25.174.213&#039;, os.name: &#039;Windows 10&#039;, os.arch: &#039;amd64&#039;, os.version: &#039;10.0&#039;, java.version: &#039;10.0.1&#039;
Driver info: org.openqa.selenium.chrome.ChromeDriver
Capabilities [{applicationCacheEnabled=false, rotatable=false, mobileEmulationEnabled=false, networkConnectionEnabled=false, chrome={chromedriverVersion=2.40.565498 (ea082db3280dd6843ebfb08a625e3eb905c4f5ab), userDataDir=C:\Users\MUHAMM~1.IFT\AppData\Local\Temp\scoped_dir11676_29695}, takesHeapSnapshot=true, pageLoadStrategy=normal, databaseEnabled=false, handlesAlerts=true, hasTouchScreen=false, version=67.0.3396.99, platform=XP, browserConnectionEnabled=false, nativeEvents=true, acceptSslCerts=false, acceptInsecureCerts=false, locationContextEnabled=true, webStorageEnabled=true, browserName=chrome, takesScreenshot=true, javascriptEnabled=true, cssSelectorsEnabled=true, setWindowRect=true, unexpectedAlertBehaviour=}]
Session ID: 46f8c7bb92a53257d60cd4f1af0b9fa4" type="org.openqa.selenium.NoAlertPresentException">
      <![CDATA[org.openqa.selenium.NoAlertPresentException: no such alert
  (Session info: chrome=67.0.3396.99)
  (Driver info: chromedriver=2.40.565498 (ea082db3280dd6843ebfb08a625e3eb905c4f5ab),platform=Windows NT 10.0.17134 x86_64) (WARNING: The server did not provide any stacktrace information)
Command duration or timeout: 7 milliseconds
Build info: version: 'unknown', revision: '1969d75', time: '2016-10-18 09:43:45 -0700'
System info: host: 'MACPK-WKS-0132', ip: '172.25.174.213', os.name: 'Windows 10', os.arch: 'amd64', os.version: '10.0', java.version: '10.0.1'
Driver info: org.openqa.selenium.chrome.ChromeDriver
Capabilities [{applicationCacheEnabled=false, rotatable=false, mobileEmulationEnabled=false, networkConnectionEnabled=false, chrome={chromedriverVersion=2.40.565498 (ea082db3280dd6843ebfb08a625e3eb905c4f5ab), userDataDir=C:\Users\MUHAMM~1.IFT\AppData\Local\Temp\scoped_dir11676_29695}, takesHeapSnapshot=true, pageLoadStrategy=normal, databaseEnabled=false, handlesAlerts=true, hasTouchScreen=false, version=67.0.3396.99, platform=XP, browserConnectionEnabled=false, nativeEvents=true, acceptSslCerts=false, acceptInsecureCerts=false, locationContextEnabled=true, webStorageEnabled=true, browserName=chrome, takesScreenshot=true, javascriptEnabled=true, cssSelectorsEnabled=true, setWindowRect=true, unexpectedAlertBehaviour=}]
Session ID: 46f8c7bb92a53257d60cd4f1af0b9fa4
at java.base/jdk.internal.reflect.NativeConstructorAccessorImpl.newInstance0(Native Method)
at java.base/jdk.internal.reflect.NativeConstructorAccessorImpl.newInstance(NativeConstructorAccessorImpl.java:62)
at java.base/jdk.internal.reflect.DelegatingConstructorAccessorImpl.newInstance(DelegatingConstructorAccessorImpl.java:45)
at java.base/java.lang.reflect.Constructor.newInstance(Constructor.java:488)
at org.openqa.selenium.remote.ErrorHandler.createThrowable(ErrorHandler.java:216)
at org.openqa.selenium.remote.ErrorHandler.throwIfResponseFailed(ErrorHandler.java:168)
at org.openqa.selenium.remote.RemoteWebDriver.execute(RemoteWebDriver.java:635)
at org.openqa.selenium.remote.RemoteWebDriver.execute(RemoteWebDriver.java:658)
at org.openqa.selenium.remote.RemoteWebDriver$RemoteTargetLocator.alert(RemoteWebDriver.java:977)
at OrdersTestcases.Login.login(Login.java:41)
at Master.OrdersExecution.LoginApp(OrdersExecution.java:84)
at java.base/jdk.internal.reflect.NativeMethodAccessorImpl.invoke0(Native Method)
at java.base/jdk.internal.reflect.NativeMethodAccessorImpl.invoke(NativeMethodAccessorImpl.java:62)
at java.base/jdk.internal.reflect.DelegatingMethodAccessorImpl.invoke(DelegatingMethodAccessorImpl.java:43)
at java.base/java.lang.reflect.Method.invoke(Method.java:564)
at org.testng.internal.MethodInvocationHelper.invokeMethod(MethodInvocationHelper.java:124)
at org.testng.internal.Invoker.invokeMethod(Invoker.java:583)
at org.testng.internal.Invoker.invokeTestMethod(Invoker.java:719)
at org.testng.internal.Invoker.invokeTestMethods(Invoker.java:989)
at org.testng.internal.TestMethodWorker.invokeTestMethods(TestMethodWorker.java:125)
at org.testng.internal.TestMethodWorker.run(TestMethodWorker.java:109)
at org.testng.TestRunner.privateRun(TestRunner.java:648)
at org.testng.TestRunner.run(TestRunner.java:505)
at org.testng.SuiteRunner.runTest(SuiteRunner.java:455)
at org.testng.SuiteRunner.runSequentially(SuiteRunner.java:450)
at org.testng.SuiteRunner.privateRun(SuiteRunner.java:415)
at org.testng.SuiteRunner.run(SuiteRunner.java:364)
at org.testng.SuiteRunnerWorker.runSuite(SuiteRunnerWorker.java:52)
at org.testng.SuiteRunnerWorker.run(SuiteRunnerWorker.java:84)
at org.testng.TestNG.runSuitesSequentially(TestNG.java:1208)
at org.testng.TestNG.runSuitesLocally(TestNG.java:1137)
at org.testng.TestNG.runSuites(TestNG.java:1049)
at org.testng.TestNG.run(TestNG.java:1017)
at org.testng.remote.AbstractRemoteTestNG.run(AbstractRemoteTestNG.java:114)
at org.testng.remote.RemoteTestNG.initAndRun(RemoteTestNG.java:251)
at org.testng.remote.RemoteTestNG.main(RemoteTestNG.java:77)
]]>
    </error>
  </testcase> <!-- LoginApp -->
  <testcase classname="OrdersTestcases.BrowserInitiation" name="getResult" time="0.003">
    <error type="java.lang.NullPointerException">
      <![CDATA[java.lang.NullPointerException
at Master.OrdersExecution.getResult(OrdersExecution.java:326)
at java.base/jdk.internal.reflect.NativeMethodAccessorImpl.invoke0(Native Method)
at java.base/jdk.internal.reflect.NativeMethodAccessorImpl.invoke(NativeMethodAccessorImpl.java:62)
at java.base/jdk.internal.reflect.DelegatingMethodAccessorImpl.invoke(DelegatingMethodAccessorImpl.java:43)
at java.base/java.lang.reflect.Method.invoke(Method.java:564)
at org.testng.internal.MethodInvocationHelper.invokeMethod(MethodInvocationHelper.java:124)
at org.testng.internal.MethodInvocationHelper.invokeMethodConsideringTimeout(MethodInvocationHelper.java:59)
at org.testng.internal.Invoker.invokeConfigurationMethod(Invoker.java:458)
at org.testng.internal.Invoker.invokeConfigurations(Invoker.java:222)
at org.testng.internal.Invoker.invokeMethod(Invoker.java:646)
at org.testng.internal.Invoker.invokeTestMethod(Invoker.java:719)
at org.testng.internal.Invoker.invokeTestMethods(Invoker.java:989)
at org.testng.internal.TestMethodWorker.invokeTestMethods(TestMethodWorker.java:125)
at org.testng.internal.TestMethodWorker.run(TestMethodWorker.java:109)
at org.testng.TestRunner.privateRun(TestRunner.java:648)
at org.testng.TestRunner.run(TestRunner.java:505)
at org.testng.SuiteRunner.runTest(SuiteRunner.java:455)
at org.testng.SuiteRunner.runSequentially(SuiteRunner.java:450)
at org.testng.SuiteRunner.privateRun(SuiteRunner.java:415)
at org.testng.SuiteRunner.run(SuiteRunner.java:364)
at org.testng.SuiteRunnerWorker.runSuite(SuiteRunnerWorker.java:52)
at org.testng.SuiteRunnerWorker.run(SuiteRunnerWorker.java:84)
at org.testng.TestNG.runSuitesSequentially(TestNG.java:1208)
at org.testng.TestNG.runSuitesLocally(TestNG.java:1137)
at org.testng.TestNG.runSuites(TestNG.java:1049)
at org.testng.TestNG.run(TestNG.java:1017)
at org.testng.remote.AbstractRemoteTestNG.run(AbstractRemoteTestNG.java:114)
at org.testng.remote.RemoteTestNG.initAndRun(RemoteTestNG.java:251)
at org.testng.remote.RemoteTestNG.main(RemoteTestNG.java:77)
]]>
    </error>
  </testcase> <!-- getResult -->
  <testcase classname="OrdersTestcases.BrowserInitiation" name="Settings_AutomaticSalesTaxChecked" time="0.000">
    <skipped/>
  </testcase> <!-- Settings_AutomaticSalesTaxChecked -->
  <testcase classname="OrdersTestcases.BrowserInitiation" name="Order_Deletion" time="0.000">
    <skipped/>
  </testcase> <!-- Order_Deletion -->
  <testcase classname="OrdersTestcases.BrowserInitiation" name="CreateQuote" time="0.000">
    <skipped/>
  </testcase> <!-- CreateQuote -->
  <testcase classname="OrdersTestcases.BrowserInitiation" name="CreateOrder_FromQuote" time="0.000">
    <skipped/>
  </testcase> <!-- CreateOrder_FromQuote -->
  <testcase classname="OrdersTestcases.BrowserInitiation" name="EnterpaymentWithInvoiceDelete" time="0.000">
    <skipped/>
  </testcase> <!-- EnterpaymentWithInvoiceDelete -->
  <testcase classname="OrdersTestcases.BrowserInitiation" name="CreateInvoice" time="0.000">
    <skipped/>
  </testcase> <!-- CreateInvoice -->
  <testcase classname="OrdersTestcases.BrowserInitiation" name="CreateOrder" time="0.000">
    <skipped/>
  </testcase> <!-- CreateOrder -->
  <testcase classname="OrdersTestcases.BrowserInitiation" name="EditOrder_Config" time="0.000">
    <skipped/>
  </testcase> <!-- EditOrder_Config -->
  <testcase classname="OrdersTestcases.BrowserInitiation" name="EditOrder_Decoration" time="0.000">
    <skipped/>
  </testcase> <!-- EditOrder_Decoration -->
  <testcase classname="OrdersTestcases.BrowserInitiation" name="EditOrder_Instructions" time="0.000">
    <skipped/>
  </testcase> <!-- EditOrder_Instructions -->
  <testcase classname="OrdersTestcases.BrowserInitiation" name="Settings_SalesTaxConfig" time="0.000">
    <skipped/>
  </testcase> <!-- Settings_SalesTaxConfig -->
  <testcase classname="OrdersTestcases.BrowserInitiation" name="ManualSalesTaxCalculation" time="0.000">
    <skipped/>
  </testcase> <!-- ManualSalesTaxCalculation -->
  <testcase classname="OrdersTestcases.BrowserInitiation" name="Service" time="0.000">
    <skipped/>
  </testcase> <!-- Service -->
  <testcase classname="OrdersTestcases.BrowserInitiation" name="Settings_ShippingTaxConfig" time="0.000">
    <skipped/>
  </testcase> <!-- Settings_ShippingTaxConfig -->
  <testcase classname="OrdersTestcases.BrowserInitiation" name="Settings_ShippingTaxCalculationVerify" time="0.000">
    <skipped/>
  </testcase> <!-- Settings_ShippingTaxCalculationVerify -->
  <testcase classname="OrdersTestcases.BrowserInitiation" name="TaxCalculationWithServiceTypeCredit" time="0.000">
    <skipped/>
  </testcase> <!-- TaxCalculationWithServiceTypeCredit -->
  <testcase classname="OrdersTestcases.BrowserInitiation" name="MultiShippingAddress" time="0.000">
    <skipped/>
  </testcase> <!-- MultiShippingAddress -->
  <testcase classname="OrdersTestcases.BrowserInitiation" name="SplitShipment" time="0.000">
    <skipped/>
  </testcase> <!-- SplitShipment -->
  <testcase classname="OrdersTestcases.BrowserInitiation" name="AddShipmentAddress_WithDifferentDecoratorCompany" time="0.000">
    <skipped/>
  </testcase> <!-- AddShipmentAddress_WithDifferentDecoratorCompany -->
  <testcase classname="OrdersTestcases.BrowserInitiation" name="BlindShip_WithConfirmation" time="0.000">
    <skipped/>
  </testcase> <!-- BlindShip_WithConfirmation -->
  <testcase classname="OrdersTestcases.BrowserInitiation" name="PurchaseOrder_PreviewWithDownload" time="0.000">
    <skipped/>
  </testcase> <!-- PurchaseOrder_PreviewWithDownload -->
  <testcase classname="OrdersTestcases.BrowserInitiation" name="SalesOrder_PreviewWithDownload" time="0.000">
    <skipped/>
  </testcase> <!-- SalesOrder_PreviewWithDownload -->
  <testcase classname="OrdersTestcases.BrowserInitiation" name="AcknowledgementDoc" time="0.000">
    <skipped/>
  </testcase> <!-- AcknowledgementDoc -->
  <testcase classname="OrdersTestcases.BrowserInitiation" name="OrderlevelDownload" time="0.000">
    <skipped/>
  </testcase> <!-- OrderlevelDownload -->
</testsuite> <!-- OrdersTestcases.BrowserInitiation -->
